#
# There is insufficient memory for the Java Runtime Environment to continue.
# Native memory allocation (mmap) failed to map 104857600 bytes. Error detail: G1 virtual space
# Possible reasons:
#   The system is out of physical RAM or swap space
#   This process is running with CompressedOops enabled, and the Java Heap may be blocking the growth of the native heap
# Possible solutions:
#   Reduce memory load on the system
#   Increase physical memory or swap space
#   Check if swap backing store is full
#   Decrease Java heap size (-Xmx/-Xms)
#   Decrease number of Java threads
#   Decrease Java thread stack sizes (-Xss)
#   Set larger code cache with -XX:ReservedCodeCacheSize=
#   JVM is running with Zero Based Compressed Oops mode in which the Java heap is
#     placed in the first 32GB address space. The Java Heap base address is the
#     maximum limit for the native heap growth. Please use -XX:HeapBaseMinAddress
#     to set the Java Heap base and to place the Java Heap above 32GB virtual address.
# This output file may be truncated or incomplete.
#
#  Out of Memory Error (os_windows.cpp:3690), pid=24844, tid=3872
#
# JRE version: OpenJDK Runtime Environment Microsoft-13106358 (17.0.18+8) (build 17.0.18+8-LTS)
# Java VM: OpenJDK 64-Bit Server VM Microsoft-13106358 (17.0.18+8-LTS, mixed mode, sharing, tiered, compressed oops, compressed class ptrs, g1 gc, windows-amd64)
# No core dump will be written. Minidumps are not enabled by default on client versions of Windows
#

---------------  S U M M A R Y ------------

Command Line: org.jetbrains.kotlin.cli.jvm.K2JVMCompiler @D:\AndroidStudioProjects\ReceiptNormalization\app\build\20260609_15305150178590864715.compiler.options

Host: 12th Gen Intel(R) Core(TM) i5-12500H, 16 cores, 15G,  Windows 11 , 64 bit Build 26100 (10.0.26100.8521)
Time: Tue Jun  9 12:45:42 2026  Windows 11 , 64 bit Build 26100 (10.0.26100.8521) elapsed time: 7.274558 seconds (0d 0h 0m 7s)

---------------  T H R E A D  ---------------

Current thread (0x000001dd001a8600):  VMThread "VM Thread" [stack: 0x000000998c800000,0x000000998c900000] [id=3872]

Stack: [0x000000998c800000,0x000000998c900000]
Native frames: (J=compiled Java code, j=interpreted, Vv=VM code, C=native code)
V  [jvm.dll+0x68c879]  (no source info available)
V  [jvm.dll+0x845979]  (no source info available)
V  [jvm.dll+0x8476e8]  (no source info available)
V  [jvm.dll+0x847d73]  (no source info available)
V  [jvm.dll+0x24cf6f]  (no source info available)
V  [jvm.dll+0x68bc79]  (no source info available)
V  [jvm.dll+0x68023a]  (no source info available)
V  [jvm.dll+0x3101a0]  (no source info available)
V  [jvm.dll+0x310042]  (no source info available)
V  [jvm.dll+0x317599]  (no source info available)
V  [jvm.dll+0x369999]  (no source info available)
V  [jvm.dll+0x369bcd]  (no source info available)
V  [jvm.dll+0x2e69aa]  (no source info available)
V  [jvm.dll+0x2e4da1]  (no source info available)
V  [jvm.dll+0x2e453c]  (no source info available)
V  [jvm.dll+0x328ecb]  (no source info available)
V  [jvm.dll+0x84c5fd]  (no source info available)
V  [jvm.dll+0x84d313]  (no source info available)
V  [jvm.dll+0x84d844]  (no source info available)
V  [jvm.dll+0x84dc28]  (no source info available)
V  [jvm.dll+0x84dd1e]  (no source info available)
V  [jvm.dll+0x7f5ebc]  (no source info available)
V  [jvm.dll+0x68de17]  (no source info available)
C  [ucrtbase.dll+0x2cd30]  (no source info available)
C  [KERNEL32.DLL+0x2e957]  (no source info available)
C  [ntdll.dll+0x87c1c]  (no source info available)

VM_Operation (0x000000998c2fcd70): G1CollectForAllocation, mode: safepoint, requested by thread 0x000001dd5ce47b70


---------------  P R O C E S S  ---------------

Threads class SMR info:
_java_thread_list=0x000001dd478c01a0, length=17, elements={
0x000001dd5ce47b70, 0x000001dd001adb60, 0x000001dd001ae720, 0x000001dd001c89f0,
0x000001dd001c93b0, 0x000001dd001c9d70, 0x000001dd001ca730, 0x000001dd001cb420,
0x000001dd001d3ee0, 0x000001dd001fd110, 0x000001dd0019a2f0, 0x000001dd00aa1c80,
0x000001dd00aa7dc0, 0x000001dd00ab2290, 0x000001dd460f5760, 0x000001dd46231fd0,
0x000001dd46230a90
}

Java Threads: ( => current thread )
  0x000001dd5ce47b70 JavaThread "main" [_thread_blocked, id=35552, stack(0x000000998c200000,0x000000998c300000)]
  0x000001dd001adb60 JavaThread "Reference Handler" daemon [_thread_blocked, id=31768, stack(0x000000998c900000,0x000000998ca00000)]
  0x000001dd001ae720 JavaThread "Finalizer" daemon [_thread_blocked, id=39052, stack(0x000000998ca00000,0x000000998cb00000)]
  0x000001dd001c89f0 JavaThread "Signal Dispatcher" daemon [_thread_blocked, id=5088, stack(0x000000998cb00000,0x000000998cc00000)]
  0x000001dd001c93b0 JavaThread "Attach Listener" daemon [_thread_blocked, id=39152, stack(0x000000998cc00000,0x000000998cd00000)]
  0x000001dd001c9d70 JavaThread "Service Thread" daemon [_thread_blocked, id=12432, stack(0x000000998cd00000,0x000000998ce00000)]
  0x000001dd001ca730 JavaThread "Monitor Deflation Thread" daemon [_thread_blocked, id=10244, stack(0x000000998ce00000,0x000000998cf00000)]
  0x000001dd001cb420 JavaThread "C2 CompilerThread0" daemon [_thread_blocked, id=41104, stack(0x000000998cf00000,0x000000998d000000)]
  0x000001dd001d3ee0 JavaThread "C1 CompilerThread0" daemon [_thread_blocked, id=34624, stack(0x000000998d000000,0x000000998d100000)]
  0x000001dd001fd110 JavaThread "Sweeper thread" daemon [_thread_blocked, id=22992, stack(0x000000998d100000,0x000000998d200000)]
  0x000001dd0019a2f0 JavaThread "C1 CompilerThread1" daemon [_thread_blocked, id=39928, stack(0x000000998d200000,0x000000998d300000)]
  0x000001dd00aa1c80 JavaThread "Notification Thread" daemon [_thread_blocked, id=28112, stack(0x000000998d300000,0x000000998d400000)]
  0x000001dd00aa7dc0 JavaThread "Common-Cleaner" daemon [_thread_blocked, id=28604, stack(0x000000998d500000,0x000000998d600000)]
  0x000001dd00ab2290 JavaThread "C2 CompilerThread1" daemon [_thread_blocked, id=26384, stack(0x000000998d600000,0x000000998d700000)]
  0x000001dd460f5760 JavaThread "C1 CompilerThread2" daemon [_thread_blocked, id=38728, stack(0x000000998d700000,0x000000998d800000)]
  0x000001dd46231fd0 JavaThread "C2 CompilerThread2" daemon [_thread_blocked, id=8284, stack(0x000000998df00000,0x000000998e000000)]
  0x000001dd46230a90 JavaThread "C1 CompilerThread3" daemon [_thread_blocked, id=30264, stack(0x000000998e700000,0x000000998e800000)]

Other Threads:
=>0x000001dd001a8600 VMThread "VM Thread" [stack: 0x000000998c800000,0x000000998c900000] [id=3872]
  0x000001dd00aa4aa0 WatcherThread [stack: 0x000000998d400000,0x000000998d500000] [id=16944]
  0x000001dd5ceb5be0 GCTaskThread "GC Thread#0" [stack: 0x000000998c300000,0x000000998c400000] [id=38332]
  0x000001dd46311070 GCTaskThread "GC Thread#1" [stack: 0x000000998d800000,0x000000998d900000] [id=38824]
  0x000001dd46312150 GCTaskThread "GC Thread#2" [stack: 0x000000998d900000,0x000000998da00000] [id=37952]
  0x000001dd46312c90 GCTaskThread "GC Thread#3" [stack: 0x000000998da00000,0x000000998db00000] [id=34896]
  0x000001dd463118e0 GCTaskThread "GC Thread#4" [stack: 0x000000998db00000,0x000000998dc00000] [id=15192]
  0x000001dd463126f0 GCTaskThread "GC Thread#5" [stack: 0x000000998dc00000,0x000000998dd00000] [id=10324]
  0x000001dd46976930 GCTaskThread "GC Thread#6" [stack: 0x000000998dd00000,0x000000998de00000] [id=17256]
  0x000001dd46978dc0 GCTaskThread "GC Thread#7" [stack: 0x000000998de00000,0x000000998df00000] [id=33752]
  0x000001dd46977a10 GCTaskThread "GC Thread#8" [stack: 0x000000998e000000,0x000000998e100000] [id=19864]
  0x000001dd46976660 GCTaskThread "GC Thread#9" [stack: 0x000000998e100000,0x000000998e200000] [id=36476]
  0x000001dd476f6510 GCTaskThread "GC Thread#10" [stack: 0x000000998e400000,0x000000998e500000] [id=26252]
  0x000001dd476f6240 GCTaskThread "GC Thread#11" [stack: 0x000000998e500000,0x000000998e600000] [id=21332]
  0x000001dd476f7b90 GCTaskThread "GC Thread#12" [stack: 0x000000998e600000,0x000000998e700000] [id=30796]
  0x000001dd5cec66c0 ConcurrentGCThread "G1 Main Marker" [stack: 0x000000998c400000,0x000000998c500000] [id=18412]
  0x000001dd5cec70e0 ConcurrentGCThread "G1 Conc#0" [stack: 0x000000998c500000,0x000000998c600000] [id=37136]
  0x000001dd46977470 ConcurrentGCThread "G1 Conc#1" [stack: 0x000000998e200000,0x000000998e300000] [id=7256]
  0x000001dd46977ce0 ConcurrentGCThread "G1 Conc#2" [stack: 0x000000998e300000,0x000000998e400000] [id=38004]
  0x000001dd5cefe1f0 ConcurrentGCThread "G1 Refine#0" [stack: 0x000000998c600000,0x000000998c700000] [id=14452]
  0x000001dd493de580 ConcurrentGCThread "G1 Refine#1" [stack: 0x000000998e800000,0x000000998e900000] [id=41568]
  0x000001dd485baef0 ConcurrentGCThread "G1 Refine#2" [stack: 0x000000998e900000,0x000000998ea00000] [id=36984]
  0x000001dd5cefead0 ConcurrentGCThread "G1 Service" [stack: 0x000000998c700000,0x000000998c800000] [id=30940]

Threads with active compile tasks:
C2 CompilerThread0  7287 13776       4       org.jetbrains.kotlin.fir.resolve.TypeExpansionUtilsKt::fullyExpandedType$default (20 bytes)
C1 CompilerThread0  7287 13813       3       org.jetbrains.kotlin.backend.common.lower.ClosureAnnotator$ClosureBuilder::updateFromIncluded (302 bytes)
C2 CompilerThread1  7287 13642       4       org.jetbrains.kotlin.backend.common.BodyLoweringVisitor::visitSimpleFunction (8 bytes)
C2 CompilerThread2  7287 13754       4       org.jetbrains.kotlin.backend.common.BodyLoweringVisitor::visitSimpleFunction (13 bytes)

VM state: at safepoint (normal execution)

VM Mutex/Monitor currently owned by a thread:  ([mutex/lock_event])
[0x000001dd5ce42d10] Threads_lock - owner thread: 0x000001dd001a8600
[0x000001dd5ce43070] Heap_lock - owner thread: 0x000001dd5ce47b70

Heap address: 0x0000000704800000, size: 4024 MB, Compressed Oops mode: Zero based, Oop shift amount: 3

CDS archive(s) mapped at: [0x000001dd01000000-0x000001dd01bb0000-0x000001dd01bb0000), size 12255232, SharedBaseAddress: 0x000001dd01000000, ArchiveRelocationMode: 1.
Compressed class space mapped at: 0x000001dd02000000-0x000001dd42000000, reserved size: 1073741824
Narrow klass base: 0x000001dd01000000, Narrow klass shift: 0, Narrow klass range: 0x100000000

GC Precious Log:
 CPUs: 16 total, 16 available
 Memory: 16088M
 Large Page Support: Disabled
 NUMA Support: Disabled
 Compressed Oops: Enabled (Zero based)
 Heap Region Size: 2M
 Heap Min Capacity: 8M
 Heap Initial Capacity: 252M
 Heap Max Capacity: 4024M
 Pre-touch: Disabled
 Parallel Workers: 13
 Concurrent Workers: 3
 Concurrent Refinement Workers: 13
 Periodic GC: Disabled

Heap:
 garbage-first heap   total 262144K, used 109205K [0x0000000704800000, 0x0000000800000000)
  region size 2048K, 2 young (4096K), 2 survivors (4096K)
 Metaspace       used 72389K, committed 72768K, reserved 1179648K
  class space    used 7611K, committed 7808K, reserved 1048576K

Heap Regions: E=young(eden), S=young(survivor), O=old, HS=humongous(starts), HC=humongous(continues), CS=collection set, F=free, OA=open archive, CA=closed archive, TAMS=top-at-mark-start (previous, next)
|   0|0x0000000704800000, 0x0000000704a00000, 0x0000000704a00000|100%|HS|  |TAMS 0x0000000704a00000, 0x0000000704a00000| Complete 
|   1|0x0000000704a00000, 0x0000000704c00000, 0x0000000704c00000|100%|HC|  |TAMS 0x0000000704c00000, 0x0000000704c00000| Complete 
|   2|0x0000000704c00000, 0x0000000704e00000, 0x0000000704e00000|100%| O|  |TAMS 0x0000000704e00000, 0x0000000704e00000| Untracked 
|   3|0x0000000704e00000, 0x0000000705000000, 0x0000000705000000|100%| O|  |TAMS 0x0000000705000000, 0x0000000705000000| Untracked 
|   4|0x0000000705000000, 0x0000000705200000, 0x0000000705200000|100%| O|  |TAMS 0x0000000705200000, 0x0000000705200000| Untracked 
|   5|0x0000000705200000, 0x0000000705400000, 0x0000000705400000|100%| O|  |TAMS 0x0000000705400000, 0x0000000705400000| Untracked 
|   6|0x0000000705400000, 0x0000000705600000, 0x0000000705600000|100%| O|  |TAMS 0x0000000705600000, 0x0000000705600000| Untracked 
|   7|0x0000000705600000, 0x0000000705800000, 0x0000000705800000|100%| O|  |TAMS 0x0000000705800000, 0x0000000705800000| Untracked 
|   8|0x0000000705800000, 0x0000000705a00000, 0x0000000705a00000|100%| O|  |TAMS 0x0000000705a00000, 0x0000000705a00000| Untracked 
|   9|0x0000000705a00000, 0x0000000705c00000, 0x0000000705c00000|100%| O|  |TAMS 0x0000000705c00000, 0x0000000705c00000| Untracked 
|  10|0x0000000705c00000, 0x0000000705e00000, 0x0000000705e00000|100%| O|  |TAMS 0x0000000705e00000, 0x0000000705e00000| Untracked 
|  11|0x0000000705e00000, 0x0000000706000000, 0x0000000706000000|100%| O|  |TAMS 0x0000000706000000, 0x0000000706000000| Untracked 
|  12|0x0000000706000000, 0x0000000706200000, 0x0000000706200000|100%| O|  |TAMS 0x0000000706200000, 0x0000000706200000| Untracked 
|  13|0x0000000706200000, 0x0000000706400000, 0x0000000706400000|100%| O|  |TAMS 0x0000000706400000, 0x0000000706400000| Untracked 
|  14|0x0000000706400000, 0x0000000706400000, 0x0000000706600000|  0%| F|  |TAMS 0x0000000706400000, 0x0000000706400000| Untracked 
|  15|0x0000000706600000, 0x0000000706800000, 0x0000000706800000|100%| O|  |TAMS 0x0000000706800000, 0x0000000706800000| Untracked 
|  16|0x0000000706800000, 0x0000000706a00000, 0x0000000706a00000|100%| O|  |TAMS 0x0000000706a00000, 0x0000000706a00000| Untracked 
|  17|0x0000000706a00000, 0x0000000706c00000, 0x0000000706c00000|100%| O|  |TAMS 0x0000000706c00000, 0x0000000706c00000| Untracked 
|  18|0x0000000706c00000, 0x0000000706e00000, 0x0000000706e00000|100%| O|  |TAMS 0x0000000706c00000, 0x0000000706e00000| Untracked 
|  19|0x0000000706e00000, 0x0000000707000000, 0x0000000707000000|100%| O|  |TAMS 0x0000000707000000, 0x0000000707000000| Untracked 
|  20|0x0000000707000000, 0x0000000707200000, 0x0000000707200000|100%| O|  |TAMS 0x0000000707200000, 0x0000000707200000| Untracked 
|  21|0x0000000707200000, 0x0000000707400000, 0x0000000707400000|100%| O|  |TAMS 0x0000000707400000, 0x0000000707400000| Untracked 
|  22|0x0000000707400000, 0x0000000707600000, 0x0000000707600000|100%| O|  |TAMS 0x0000000707600000, 0x0000000707600000| Untracked 
|  23|0x0000000707600000, 0x0000000707800000, 0x0000000707800000|100%| O|  |TAMS 0x0000000707800000, 0x0000000707800000| Untracked 
|  24|0x0000000707800000, 0x0000000707a00000, 0x0000000707a00000|100%| O|  |TAMS 0x0000000707a00000, 0x0000000707a00000| Untracked 
|  25|0x0000000707a00000, 0x0000000707c00000, 0x0000000707c00000|100%| O|  |TAMS 0x0000000707c00000, 0x0000000707c00000| Untracked 
|  26|0x0000000707c00000, 0x0000000707e00000, 0x0000000707e00000|100%| O|  |TAMS 0x0000000707e00000, 0x0000000707e00000| Untracked 
|  27|0x0000000707e00000, 0x0000000708000000, 0x0000000708000000|100%| O|  |TAMS 0x0000000708000000, 0x0000000708000000| Untracked 
|  28|0x0000000708000000, 0x0000000708200000, 0x0000000708200000|100%| O|  |TAMS 0x0000000708200000, 0x0000000708200000| Untracked 
|  29|0x0000000708200000, 0x0000000708400000, 0x0000000708400000|100%| O|  |TAMS 0x0000000708400000, 0x0000000708400000| Untracked 
|  30|0x0000000708400000, 0x0000000708600000, 0x0000000708600000|100%| O|  |TAMS 0x0000000708600000, 0x0000000708600000| Untracked 
|  31|0x0000000708600000, 0x0000000708800000, 0x0000000708800000|100%| O|  |TAMS 0x0000000708800000, 0x0000000708800000| Untracked 
|  32|0x0000000708800000, 0x0000000708a00000, 0x0000000708a00000|100%| O|  |TAMS 0x0000000708a00000, 0x0000000708a00000| Untracked 
|  33|0x0000000708a00000, 0x0000000708c00000, 0x0000000708c00000|100%| O|  |TAMS 0x0000000708c00000, 0x0000000708c00000| Untracked 
|  34|0x0000000708c00000, 0x0000000708e00000, 0x0000000708e00000|100%| O|  |TAMS 0x0000000708e00000, 0x0000000708e00000| Untracked 
|  35|0x0000000708e00000, 0x0000000709000000, 0x0000000709000000|100%| O|  |TAMS 0x0000000709000000, 0x0000000709000000| Untracked 
|  36|0x0000000709000000, 0x0000000709200000, 0x0000000709200000|100%| O|  |TAMS 0x0000000709200000, 0x0000000709200000| Untracked 
|  37|0x0000000709200000, 0x0000000709400000, 0x0000000709400000|100%| O|  |TAMS 0x0000000709400000, 0x0000000709400000| Untracked 
|  38|0x0000000709400000, 0x0000000709600000, 0x0000000709600000|100%| O|  |TAMS 0x0000000709600000, 0x0000000709600000| Untracked 
|  39|0x0000000709600000, 0x0000000709800000, 0x0000000709800000|100%| O|  |TAMS 0x0000000709800000, 0x0000000709800000| Untracked 
|  40|0x0000000709800000, 0x0000000709a00000, 0x0000000709a00000|100%| O|  |TAMS 0x0000000709a00000, 0x0000000709a00000| Untracked 
|  41|0x0000000709a00000, 0x0000000709c00000, 0x0000000709c00000|100%| O|  |TAMS 0x0000000709c00000, 0x0000000709c00000| Untracked 
|  42|0x0000000709c00000, 0x0000000709e00000, 0x0000000709e00000|100%| O|  |TAMS 0x0000000709e00000, 0x0000000709e00000| Untracked 
|  43|0x0000000709e00000, 0x000000070a000000, 0x000000070a000000|100%| O|  |TAMS 0x0000000709ea2200, 0x000000070a000000| Untracked 
|  44|0x000000070a000000, 0x000000070a200000, 0x000000070a200000|100%| O|  |TAMS 0x000000070a000000, 0x000000070a200000| Untracked 
|  45|0x000000070a200000, 0x000000070a400000, 0x000000070a400000|100%| O|  |TAMS 0x000000070a200000, 0x000000070a400000| Untracked 
|  46|0x000000070a400000, 0x000000070a600000, 0x000000070a600000|100%| O|  |TAMS 0x000000070a400000, 0x000000070a600000| Untracked 
|  47|0x000000070a600000, 0x000000070a800000, 0x000000070a800000|100%| O|  |TAMS 0x000000070a600000, 0x000000070a800000| Untracked 
|  48|0x000000070a800000, 0x000000070aa00000, 0x000000070aa00000|100%| O|  |TAMS 0x000000070a800000, 0x000000070aa00000| Untracked 
|  49|0x000000070aa00000, 0x000000070ac00000, 0x000000070ac00000|100%| O|  |TAMS 0x000000070aa00000, 0x000000070ac00000| Untracked 
|  50|0x000000070ac00000, 0x000000070aceac00, 0x000000070ae00000| 45%| O|  |TAMS 0x000000070ac00000, 0x000000070aceac00| Untracked 
|  51|0x000000070ae00000, 0x000000070ae00000, 0x000000070b000000|  0%| F|  |TAMS 0x000000070ae00000, 0x000000070ae00000| Untracked 
|  52|0x000000070b000000, 0x000000070b000000, 0x000000070b200000|  0%| F|  |TAMS 0x000000070b000000, 0x000000070b000000| Untracked 
|  53|0x000000070b200000, 0x000000070b200000, 0x000000070b400000|  0%| F|  |TAMS 0x000000070b200000, 0x000000070b200000| Untracked 
|  54|0x000000070b400000, 0x000000070b400000, 0x000000070b600000|  0%| F|  |TAMS 0x000000070b400000, 0x000000070b400000| Untracked 
|  55|0x000000070b600000, 0x000000070b600000, 0x000000070b800000|  0%| F|  |TAMS 0x000000070b600000, 0x000000070b600000| Untracked 
|  56|0x000000070b800000, 0x000000070b800000, 0x000000070ba00000|  0%| F|  |TAMS 0x000000070b800000, 0x000000070b800000| Untracked 
|  57|0x000000070ba00000, 0x000000070ba00000, 0x000000070bc00000|  0%| F|  |TAMS 0x000000070ba00000, 0x000000070ba00000| Untracked 
|  58|0x000000070bc00000, 0x000000070bc00000, 0x000000070be00000|  0%| F|  |TAMS 0x000000070bc00000, 0x000000070bc00000| Untracked 
|  59|0x000000070be00000, 0x000000070be00000, 0x000000070c000000|  0%| F|  |TAMS 0x000000070be00000, 0x000000070be00000| Untracked 
|  60|0x000000070c000000, 0x000000070c000000, 0x000000070c200000|  0%| F|  |TAMS 0x000000070c000000, 0x000000070c000000| Untracked 
|  61|0x000000070c200000, 0x000000070c200000, 0x000000070c400000|  0%| F|  |TAMS 0x000000070c200000, 0x000000070c200000| Untracked 
|  62|0x000000070c400000, 0x000000070c400000, 0x000000070c600000|  0%| F|  |TAMS 0x000000070c400000, 0x000000070c400000| Untracked 
|  63|0x000000070c600000, 0x000000070c600000, 0x000000070c800000|  0%| F|  |TAMS 0x000000070c600000, 0x000000070c600000| Untracked 
|  64|0x000000070c800000, 0x000000070c800000, 0x000000070ca00000|  0%| F|  |TAMS 0x000000070c800000, 0x000000070c800000| Untracked 
|  65|0x000000070ca00000, 0x000000070ca00000, 0x000000070cc00000|  0%| F|  |TAMS 0x000000070ca00000, 0x000000070ca00000| Untracked 
|  66|0x000000070cc00000, 0x000000070cdbaaa0, 0x000000070ce00000| 86%| S|CS|TAMS 0x000000070cc00000, 0x000000070cc00000| Complete 
|  67|0x000000070ce00000, 0x000000070d000000, 0x000000070d000000|100%| S|CS|TAMS 0x000000070ce00000, 0x000000070ce00000| Complete 
|  68|0x000000070d000000, 0x000000070d000000, 0x000000070d200000|  0%| F|  |TAMS 0x000000070d000000, 0x000000070d000000| Untracked 
|  69|0x000000070d200000, 0x000000070d200000, 0x000000070d400000|  0%| F|  |TAMS 0x000000070d200000, 0x000000070d200000| Untracked 
|  70|0x000000070d400000, 0x000000070d400000, 0x000000070d600000|  0%| F|  |TAMS 0x000000070d400000, 0x000000070d400000| Untracked 
|  71|0x000000070d600000, 0x000000070d600000, 0x000000070d800000|  0%| F|  |TAMS 0x000000070d600000, 0x000000070d600000| Untracked 
|  72|0x000000070d800000, 0x000000070d800000, 0x000000070da00000|  0%| F|  |TAMS 0x000000070d800000, 0x000000070d800000| Untracked 
|  73|0x000000070da00000, 0x000000070da00000, 0x000000070dc00000|  0%| F|  |TAMS 0x000000070da00000, 0x000000070da00000| Untracked 
|  74|0x000000070dc00000, 0x000000070dc00000, 0x000000070de00000|  0%| F|  |TAMS 0x000000070dc00000, 0x000000070dc00000| Untracked 
|  75|0x000000070de00000, 0x000000070de00000, 0x000000070e000000|  0%| F|  |TAMS 0x000000070de00000, 0x000000070de00000| Untracked 
|  76|0x000000070e000000, 0x000000070e000000, 0x000000070e200000|  0%| F|  |TAMS 0x000000070e000000, 0x000000070e000000| Untracked 
|  77|0x000000070e200000, 0x000000070e200000, 0x000000070e400000|  0%| F|  |TAMS 0x000000070e200000, 0x000000070e200000| Untracked 
|  78|0x000000070e400000, 0x000000070e400000, 0x000000070e600000|  0%| F|  |TAMS 0x000000070e400000, 0x000000070e400000| Untracked 
|  79|0x000000070e600000, 0x000000070e600000, 0x000000070e800000|  0%| F|  |TAMS 0x000000070e600000, 0x000000070e600000| Untracked 
|  80|0x000000070e800000, 0x000000070e800000, 0x000000070ea00000|  0%| F|  |TAMS 0x000000070e800000, 0x000000070e800000| Untracked 
|  81|0x000000070ea00000, 0x000000070ea00000, 0x000000070ec00000|  0%| F|  |TAMS 0x000000070ea00000, 0x000000070ea00000| Untracked 
|  82|0x000000070ec00000, 0x000000070ec00000, 0x000000070ee00000|  0%| F|  |TAMS 0x000000070ec00000, 0x000000070ec00000| Untracked 
|  83|0x000000070ee00000, 0x000000070ee00000, 0x000000070f000000|  0%| F|  |TAMS 0x000000070ee00000, 0x000000070ee00000| Untracked 
|  84|0x000000070f000000, 0x000000070f000000, 0x000000070f200000|  0%| F|  |TAMS 0x000000070f000000, 0x000000070f000000| Untracked 
|  85|0x000000070f200000, 0x000000070f200000, 0x000000070f400000|  0%| F|  |TAMS 0x000000070f200000, 0x000000070f200000| Untracked 
|  86|0x000000070f400000, 0x000000070f400000, 0x000000070f600000|  0%| F|  |TAMS 0x000000070f400000, 0x000000070f400000| Untracked 
|  87|0x000000070f600000, 0x000000070f600000, 0x000000070f800000|  0%| F|  |TAMS 0x000000070f600000, 0x000000070f600000| Untracked 
|  88|0x000000070f800000, 0x000000070f800000, 0x000000070fa00000|  0%| F|  |TAMS 0x000000070f800000, 0x000000070f800000| Untracked 
|  89|0x000000070fa00000, 0x000000070fa00000, 0x000000070fc00000|  0%| F|  |TAMS 0x000000070fa00000, 0x000000070fa00000| Untracked 
|  90|0x000000070fc00000, 0x000000070fc00000, 0x000000070fe00000|  0%| F|  |TAMS 0x000000070fc00000, 0x000000070fc00000| Untracked 
|  91|0x000000070fe00000, 0x000000070fe00000, 0x0000000710000000|  0%| F|  |TAMS 0x000000070fe00000, 0x000000070fe00000| Untracked 
|  92|0x0000000710000000, 0x0000000710000000, 0x0000000710200000|  0%| F|  |TAMS 0x0000000710000000, 0x0000000710000000| Untracked 
|  93|0x0000000710200000, 0x0000000710200000, 0x0000000710400000|  0%| F|  |TAMS 0x0000000710200000, 0x0000000710200000| Untracked 
|  94|0x0000000710400000, 0x0000000710400000, 0x0000000710600000|  0%| F|  |TAMS 0x0000000710400000, 0x0000000710400000| Untracked 
|  95|0x0000000710600000, 0x0000000710600000, 0x0000000710800000|  0%| F|  |TAMS 0x0000000710600000, 0x0000000710600000| Untracked 
|  96|0x0000000710800000, 0x0000000710800000, 0x0000000710a00000|  0%| F|  |TAMS 0x0000000710800000, 0x0000000710800000| Untracked 
|  97|0x0000000710a00000, 0x0000000710a00000, 0x0000000710c00000|  0%| F|  |TAMS 0x0000000710a00000, 0x0000000710a00000| Untracked 
|  98|0x0000000710c00000, 0x0000000710c00000, 0x0000000710e00000|  0%| F|  |TAMS 0x0000000710c00000, 0x0000000710c00000| Untracked 
|  99|0x0000000710e00000, 0x0000000710e00000, 0x0000000711000000|  0%| F|  |TAMS 0x0000000710e00000, 0x0000000710e00000| Untracked 
| 100|0x0000000711000000, 0x0000000711000000, 0x0000000711200000|  0%| F|  |TAMS 0x0000000711000000, 0x0000000711000000| Untracked 
| 101|0x0000000711200000, 0x0000000711200000, 0x0000000711400000|  0%| F|  |TAMS 0x0000000711200000, 0x0000000711200000| Untracked 
| 102|0x0000000711400000, 0x0000000711400000, 0x0000000711600000|  0%| F|  |TAMS 0x0000000711400000, 0x0000000711400000| Untracked 
| 103|0x0000000711600000, 0x0000000711600000, 0x0000000711800000|  0%| F|  |TAMS 0x0000000711600000, 0x0000000711600000| Untracked 
| 104|0x0000000711800000, 0x0000000711800000, 0x0000000711a00000|  0%| F|  |TAMS 0x0000000711800000, 0x0000000711800000| Untracked 
| 105|0x0000000711a00000, 0x0000000711a00000, 0x0000000711c00000|  0%| F|  |TAMS 0x0000000711a00000, 0x0000000711a00000| Untracked 
| 106|0x0000000711c00000, 0x0000000711c00000, 0x0000000711e00000|  0%| F|  |TAMS 0x0000000711c00000, 0x0000000711c00000| Untracked 
| 107|0x0000000711e00000, 0x0000000711e00000, 0x0000000712000000|  0%| F|  |TAMS 0x0000000711e00000, 0x0000000711e00000| Untracked 
| 108|0x0000000712000000, 0x0000000712000000, 0x0000000712200000|  0%| F|  |TAMS 0x0000000712000000, 0x0000000712000000| Untracked 
| 109|0x0000000712200000, 0x0000000712200000, 0x0000000712400000|  0%| F|  |TAMS 0x0000000712200000, 0x0000000712200000| Untracked 
| 110|0x0000000712400000, 0x0000000712400000, 0x0000000712600000|  0%| F|  |TAMS 0x0000000712400000, 0x0000000712400000| Untracked 
| 111|0x0000000712600000, 0x0000000712600000, 0x0000000712800000|  0%| F|  |TAMS 0x0000000712600000, 0x0000000712600000| Untracked 
| 112|0x0000000712800000, 0x0000000712800000, 0x0000000712a00000|  0%| F|  |TAMS 0x0000000712800000, 0x0000000712800000| Untracked 
| 113|0x0000000712a00000, 0x0000000712a00000, 0x0000000712c00000|  0%| F|  |TAMS 0x0000000712a00000, 0x0000000712a00000| Untracked 
| 114|0x0000000712c00000, 0x0000000712c00000, 0x0000000712e00000|  0%| F|  |TAMS 0x0000000712c00000, 0x0000000712c00000| Untracked 
| 115|0x0000000712e00000, 0x0000000712e00000, 0x0000000713000000|  0%| F|  |TAMS 0x0000000712e00000, 0x0000000712e00000| Untracked 
| 116|0x0000000713000000, 0x0000000713000000, 0x0000000713200000|  0%| F|  |TAMS 0x0000000713000000, 0x0000000713000000| Untracked 
| 117|0x0000000713200000, 0x0000000713200000, 0x0000000713400000|  0%| F|  |TAMS 0x0000000713200000, 0x0000000713200000| Untracked 
| 118|0x0000000713400000, 0x0000000713400000, 0x0000000713600000|  0%| F|  |TAMS 0x0000000713400000, 0x0000000713400000| Untracked 
| 119|0x0000000713600000, 0x0000000713600000, 0x0000000713800000|  0%| F|  |TAMS 0x0000000713600000, 0x0000000713600000| Untracked 
| 120|0x0000000713800000, 0x0000000713800000, 0x0000000713a00000|  0%| F|  |TAMS 0x0000000713800000, 0x0000000713800000| Untracked 
| 121|0x0000000713a00000, 0x0000000713a00000, 0x0000000713c00000|  0%| F|  |TAMS 0x0000000713a00000, 0x0000000713a00000| Untracked 
| 122|0x0000000713c00000, 0x0000000713c00000, 0x0000000713e00000|  0%| F|  |TAMS 0x0000000713c00000, 0x0000000713c00000| Untracked 
| 123|0x0000000713e00000, 0x0000000713e00000, 0x0000000714000000|  0%| F|  |TAMS 0x0000000713e00000, 0x0000000713e00000| Untracked 
| 124|0x0000000714000000, 0x0000000714000000, 0x0000000714200000|  0%| F|  |TAMS 0x0000000714000000, 0x0000000714000000| Untracked 
| 125|0x0000000714200000, 0x0000000714200000, 0x0000000714400000|  0%| F|  |TAMS 0x0000000714200000, 0x0000000714200000| Untracked 
|2010|0x00000007ffc00000, 0x00000007ffe00000, 0x00000007ffe00000|100%| O|  |TAMS 0x00000007ffe00000, 0x00000007ffe00000| Untracked 
|2011|0x00000007ffe00000, 0x0000000800000000, 0x0000000800000000|100%| O|  |TAMS 0x0000000800000000, 0x0000000800000000| Untracked 

Card table byte_map: [0x000001dd74a30000,0x000001dd75210000] _byte_map_base: 0x000001dd7120c000

Marking Bits (Prev, Next): (CMBitMap*) 0x000001dd5ceb6210, (CMBitMap*) 0x000001dd5ceb6250
 Prev Bits: [0x000001dd759f0000, 0x000001dd798d0000)
 Next Bits: [0x000001dd798d0000, 0x000001dd7d7b0000)

Polling page: 0x000001dd5ab90000

Metaspace:

Usage:
  Non-class:     63.26 MB used.
      Class:      7.43 MB used.
       Both:     70.69 MB used.

Virtual space:
  Non-class space:      128.00 MB reserved,      63.44 MB ( 50%) committed,  2 nodes.
      Class space:        1.00 GB reserved,       7.62 MB ( <1%) committed,  1 nodes.
             Both:        1.12 GB reserved,      71.06 MB (  6%) committed. 

Chunk freelists:
   Non-Class:  15.89 MB
       Class:  8.36 MB
        Both:  24.25 MB

MaxMetaspaceSize: unlimited
CompressedClassSpaceSize: 1.00 GB
Initial GC threshold: 21.00 MB
Current GC threshold: 101.50 MB
CDS: on
MetaspaceReclaimPolicy: balanced
 - commit_granule_bytes: 65536.
 - commit_granule_words: 8192.
 - virtual_space_node_default_size: 8388608.
 - enlarge_chunks_in_place: 1.
 - new_chunks_are_fully_committed: 0.
 - uncommit_free_chunks: 1.
 - use_allocation_guard: 0.
 - handle_deallocations: 1.


Internal statistics:

num_allocs_failed_limit: 6.
num_arena_births: 372.
num_arena_deaths: 0.
num_vsnodes_births: 3.
num_vsnodes_deaths: 0.
num_space_committed: 1135.
num_space_uncommitted: 0.
num_chunks_returned_to_freelist: 6.
num_chunks_taken_from_freelist: 2870.
num_chunk_merges: 6.
num_chunk_splits: 2373.
num_chunks_enlarged: 2128.
num_inconsistent_stats: 0.

CodeHeap 'non-profiled nmethods': size=119168Kb used=5937Kb max_used=6055Kb free=113230Kb
 bounds [0x000001dd6c560000, 0x000001dd6cb70000, 0x000001dd739c0000]
CodeHeap 'profiled nmethods': size=119104Kb used=46417Kb max_used=46417Kb free=72686Kb
 bounds [0x000001dd649c0000, 0x000001dd67720000, 0x000001dd6be10000]
CodeHeap 'non-nmethods': size=7488Kb used=3145Kb max_used=3221Kb free=4342Kb
 bounds [0x000001dd6be10000, 0x000001dd6c140000, 0x000001dd6c560000]
 total_blobs=13072 nmethods=12278 adapters=698
 compilation: enabled
              stopped_count=0, restarted_count=0
 full_count=0

Compilation events (20 events):
Event: 6.237 Thread 0x000001dd46230a90 nmethod 13798 0x000001dd670b1e90 code [0x000001dd670b2020, 0x000001dd670b2138]
Event: 6.238 Thread 0x000001dd46230a90 13804       3       java.lang.invoke.Invokers$Holder::linkToTargetMethod (9 bytes)
Event: 6.238 Thread 0x000001dd460f5760 13805       3       java.lang.invoke.DirectMethodHandle$Holder::newInvokeSpecial (21 bytes)
Event: 6.238 Thread 0x000001dd0019a2f0 nmethod 13799 0x000001dd6770d510 code [0x000001dd6770d760, 0x000001dd6770e008]
Event: 6.238 Thread 0x000001dd46230a90 nmethod 13804 0x000001dd6770e290 code [0x000001dd6770e440, 0x000001dd6770e758]
Event: 6.238 Thread 0x000001dd0019a2f0 13807       3       org.jetbrains.kotlin.ir.util.PatchDeclarationParentsKt::patchDeclarationParents (30 bytes)
Event: 6.238 Thread 0x000001dd001d3ee0 nmethod 13793 0x000001dd6770e810 code [0x000001dd6770eb60, 0x000001dd67710a08]
Event: 6.238 Thread 0x000001dd460f5760 nmethod 13805 0x000001dd67711290 code [0x000001dd67711480, 0x000001dd67711b88]
Event: 6.238 Thread 0x000001dd001d3ee0 13808       3       org.jetbrains.kotlin.backend.jvm.mapping.IrTypeCheckerContextForTypeMapping::getTypeParameterClassifier (18 bytes)
Event: 6.238 Thread 0x000001dd46230a90 13809       3       org.jetbrains.kotlin.backend.jvm.JvmIrTypeSystemContext::getTypeParameterClassifier (6 bytes)
Event: 6.238 Thread 0x000001dd0019a2f0 nmethod 13807 0x000001dd67711d90 code [0x000001dd67711fc0, 0x000001dd67712628]
Event: 6.238 Thread 0x000001dd460f5760 13810       3       org.jetbrains.kotlin.ir.types.IrTypeSystemContext$DefaultImpls::getTypeParameterClassifier (25 bytes)
Event: 6.239 Thread 0x000001dd001d3ee0 nmethod 13808 0x000001dd67712890 code [0x000001dd67712ac0, 0x000001dd67713128]
Event: 6.239 Thread 0x000001dd001d3ee0 13811       3       org.jetbrains.kotlin.backend.jvm.lower.JvmValueClassAbstractLowering::visitBranch (13 bytes)
Event: 6.239 Thread 0x000001dd46230a90 nmethod 13809 0x000001dd67713390 code [0x000001dd677135e0, 0x000001dd67713f78]
Event: 6.239 Thread 0x000001dd460f5760 nmethod 13810 0x000001dd67714210 code [0x000001dd67714440, 0x000001dd67714d58]
Event: 6.239 Thread 0x000001dd001d3ee0 nmethod 13811 0x000001dd67715010 code [0x000001dd677152c0, 0x000001dd67715e48]
Event: 6.239 Thread 0x000001dd001d3ee0 13812       1       org.jetbrains.kotlin.ir.expressions.impl.IrSetValueImpl::getType (5 bytes)
Event: 6.239 Thread 0x000001dd001d3ee0 nmethod 13812 0x000001dd6ca57810 code [0x000001dd6ca579a0, 0x000001dd6ca57a78]
Event: 6.239 Thread 0x000001dd001d3ee0 13813       3       org.jetbrains.kotlin.backend.common.lower.ClosureAnnotator$ClosureBuilder::updateFromIncluded (302 bytes)

GC Heap History (20 events):
Event: 2.534 GC heap after
{Heap after GC invocations=10 (full 0):
 garbage-first heap   total 147456K, used 46054K [0x0000000704800000, 0x0000000800000000)
  region size 2048K, 2 young (4096K), 2 survivors (4096K)
 Metaspace       used 43095K, committed 43392K, reserved 1114112K
  class space    used 5124K, committed 5248K, reserved 1048576K
}
Event: 2.968 GC heap before
{Heap before GC invocations=10 (full 0):
 garbage-first heap   total 147456K, used 101350K [0x0000000704800000, 0x0000000800000000)
  region size 2048K, 29 young (59392K), 2 survivors (4096K)
 Metaspace       used 45735K, committed 46080K, reserved 1114112K
  class space    used 5409K, committed 5568K, reserved 1048576K
}
Event: 2.976 GC heap after
{Heap after GC invocations=11 (full 0):
 garbage-first heap   total 147456K, used 57803K [0x0000000704800000, 0x0000000800000000)
  region size 2048K, 4 young (8192K), 4 survivors (8192K)
 Metaspace       used 45735K, committed 46080K, reserved 1114112K
  class space    used 5409K, committed 5568K, reserved 1048576K
}
Event: 3.349 GC heap before
{Heap before GC invocations=11 (full 0):
 garbage-first heap   total 147456K, used 102859K [0x0000000704800000, 0x0000000800000000)
  region size 2048K, 26 young (53248K), 4 survivors (8192K)
 Metaspace       used 47375K, committed 47680K, reserved 1114112K
  class space    used 5484K, committed 5632K, reserved 1048576K
}
Event: 3.361 GC heap after
{Heap after GC invocations=12 (full 0):
 garbage-first heap   total 147456K, used 67183K [0x0000000704800000, 0x0000000800000000)
  region size 2048K, 4 young (8192K), 4 survivors (8192K)
 Metaspace       used 47375K, committed 47680K, reserved 1114112K
  class space    used 5484K, committed 5632K, reserved 1048576K
}
Event: 3.710 GC heap before
{Heap before GC invocations=12 (full 0):
 garbage-first heap   total 147456K, used 108143K [0x0000000704800000, 0x0000000800000000)
  region size 2048K, 24 young (49152K), 4 survivors (8192K)
 Metaspace       used 49220K, committed 49472K, reserved 1114112K
  class space    used 5578K, committed 5696K, reserved 1048576K
}
Event: 3.722 GC heap after
{Heap after GC invocations=13 (full 0):
 garbage-first heap   total 147456K, used 76329K [0x0000000704800000, 0x0000000800000000)
  region size 2048K, 3 young (6144K), 3 survivors (6144K)
 Metaspace       used 49220K, committed 49472K, reserved 1114112K
  class space    used 5578K, committed 5696K, reserved 1048576K
}
Event: 4.069 GC heap before
{Heap before GC invocations=13 (full 0):
 garbage-first heap   total 147456K, used 109097K [0x0000000704800000, 0x0000000800000000)
  region size 2048K, 19 young (38912K), 3 survivors (6144K)
 Metaspace       used 51683K, committed 52032K, reserved 1114112K
  class space    used 5803K, committed 5952K, reserved 1048576K
}
Event: 4.080 GC heap after
{Heap after GC invocations=14 (full 0):
 garbage-first heap   total 182272K, used 82583K [0x0000000704800000, 0x0000000800000000)
  region size 2048K, 3 young (6144K), 3 survivors (6144K)
 Metaspace       used 51683K, committed 52032K, reserved 1114112K
  class space    used 5803K, committed 5952K, reserved 1048576K
}
Event: 4.575 GC heap before
{Heap before GC invocations=15 (full 0):
 garbage-first heap   total 182272K, used 131735K [0x0000000704800000, 0x0000000800000000)
  region size 2048K, 28 young (57344K), 3 survivors (6144K)
 Metaspace       used 57313K, committed 57600K, reserved 1114112K
  class space    used 6329K, committed 6464K, reserved 1048576K
}
Event: 4.583 GC heap after
{Heap after GC invocations=16 (full 0):
 garbage-first heap   total 182272K, used 91520K [0x0000000704800000, 0x0000000800000000)
  region size 2048K, 4 young (8192K), 4 survivors (8192K)
 Metaspace       used 57313K, committed 57600K, reserved 1114112K
  class space    used 6329K, committed 6464K, reserved 1048576K
}
Event: 4.602 GC heap before
{Heap before GC invocations=16 (full 0):
 garbage-first heap   total 182272K, used 93568K [0x0000000704800000, 0x0000000800000000)
  region size 2048K, 5 young (10240K), 4 survivors (8192K)
 Metaspace       used 57802K, committed 58112K, reserved 1114112K
  class space    used 6359K, committed 6528K, reserved 1048576K
}
Event: 4.606 GC heap after
{Heap after GC invocations=17 (full 0):
 garbage-first heap   total 182272K, used 92289K [0x0000000704800000, 0x0000000800000000)
  region size 2048K, 1 young (2048K), 1 survivors (2048K)
 Metaspace       used 57802K, committed 58112K, reserved 1114112K
  class space    used 6359K, committed 6528K, reserved 1048576K
}
Event: 5.082 GC heap before
{Heap before GC invocations=17 (full 0):
 garbage-first heap   total 182272K, used 137345K [0x0000000704800000, 0x0000000800000000)
  region size 2048K, 23 young (47104K), 1 survivors (2048K)
 Metaspace       used 62044K, committed 62336K, reserved 1114112K
  class space    used 6710K, committed 6848K, reserved 1048576K
}
Event: 5.095 GC heap after
{Heap after GC invocations=18 (full 0):
 garbage-first heap   total 182272K, used 97723K [0x0000000704800000, 0x0000000800000000)
  region size 2048K, 3 young (6144K), 3 survivors (6144K)
 Metaspace       used 62044K, committed 62336K, reserved 1114112K
  class space    used 6710K, committed 6848K, reserved 1048576K
}
Event: 5.503 GC heap before
{Heap before GC invocations=19 (full 0):
 garbage-first heap   total 182272K, used 138683K [0x0000000704800000, 0x0000000800000000)
  region size 2048K, 24 young (49152K), 3 survivors (6144K)
 Metaspace       used 65202K, committed 65600K, reserved 1114112K
  class space    used 7040K, committed 7232K, reserved 1048576K
}
Event: 5.510 GC heap after
{Heap after GC invocations=20 (full 0):
 garbage-first heap   total 182272K, used 105516K [0x0000000704800000, 0x0000000800000000)
  region size 2048K, 3 young (6144K), 3 survivors (6144K)
 Metaspace       used 65202K, committed 65600K, reserved 1114112K
  class space    used 7040K, committed 7232K, reserved 1048576K
}
Event: 5.535 GC heap before
{Heap before GC invocations=20 (full 0):
 garbage-first heap   total 182272K, used 105516K [0x0000000704800000, 0x0000000800000000)
  region size 2048K, 4 young (8192K), 3 survivors (6144K)
 Metaspace       used 65564K, committed 65920K, reserved 1114112K
  class space    used 7086K, committed 7232K, reserved 1048576K
}
Event: 5.539 GC heap after
{Heap after GC invocations=21 (full 0):
 garbage-first heap   total 182272K, used 106559K [0x0000000704800000, 0x0000000800000000)
  region size 2048K, 1 young (2048K), 1 survivors (2048K)
 Metaspace       used 65564K, committed 65920K, reserved 1114112K
  class space    used 7086K, committed 7232K, reserved 1048576K
}
Event: 6.239 GC heap before
{Heap before GC invocations=21 (full 0):
 garbage-first heap   total 182272K, used 143423K [0x0000000704800000, 0x0000000800000000)
  region size 2048K, 19 young (38912K), 1 survivors (2048K)
 Metaspace       used 72389K, committed 72768K, reserved 1179648K
  class space    used 7611K, committed 7808K, reserved 1048576K
}

Dll operation events (7 events):
Event: 0.006 Loaded shared library D:\jdk17\bin\java.dll
Event: 0.021 Loaded shared library D:\jdk17\bin\jsvml.dll
Event: 0.044 Loaded shared library D:\jdk17\bin\net.dll
Event: 0.045 Loaded shared library D:\jdk17\bin\nio.dll
Event: 0.061 Loaded shared library D:\jdk17\bin\zip.dll
Event: 0.080 Loaded shared library D:\jdk17\bin\jimage.dll
Event: 0.756 Loaded shared library D:\jdk17\bin\verify.dll

Deoptimization events (20 events):
Event: 6.188 Thread 0x000001dd5ce47b70 Uncommon trap: trap_request=0xffffff66 fr.pc=0x000001dd6c7b2788 relative=0x0000000000000568
Event: 6.188 Thread 0x000001dd5ce47b70 Uncommon trap: reason=speculate_class_check action=maybe_recompile pc=0x000001dd6c7b2788 method=org.jetbrains.kotlin.ir.declarations.IrFunction.acceptChildren(Lorg/jetbrains/kotlin/ir/visitors/IrElementVisitor;Ljava/lang/Object;)V @ 86 c2
Event: 6.188 Thread 0x000001dd5ce47b70 DEOPT PACKING pc=0x000001dd6c7b2788 sp=0x000000998c2fdb90
Event: 6.188 Thread 0x000001dd5ce47b70 DEOPT UNPACKING pc=0x000001dd6be669a3 sp=0x000000998c2fd798 mode 2
Event: 6.202 Thread 0x000001dd5ce47b70 Uncommon trap: trap_request=0xffffff66 fr.pc=0x000001dd6ca1e078 relative=0x0000000000000558
Event: 6.202 Thread 0x000001dd5ce47b70 Uncommon trap: reason=speculate_class_check action=maybe_recompile pc=0x000001dd6ca1e078 method=org.jetbrains.kotlin.ir.declarations.IrFunction.acceptChildren(Lorg/jetbrains/kotlin/ir/visitors/IrElementVisitor;Ljava/lang/Object;)V @ 104 c2
Event: 6.202 Thread 0x000001dd5ce47b70 DEOPT PACKING pc=0x000001dd6ca1e078 sp=0x000000998c2fdad0
Event: 6.202 Thread 0x000001dd5ce47b70 DEOPT UNPACKING pc=0x000001dd6be669a3 sp=0x000000998c2fd6d8 mode 2
Event: 6.202 Thread 0x000001dd5ce47b70 Uncommon trap: trap_request=0xffffff66 fr.pc=0x000001dd6ca1e078 relative=0x0000000000000558
Event: 6.202 Thread 0x000001dd5ce47b70 Uncommon trap: reason=speculate_class_check action=maybe_recompile pc=0x000001dd6ca1e078 method=org.jetbrains.kotlin.ir.declarations.IrFunction.acceptChildren(Lorg/jetbrains/kotlin/ir/visitors/IrElementVisitor;Ljava/lang/Object;)V @ 104 c2
Event: 6.202 Thread 0x000001dd5ce47b70 DEOPT PACKING pc=0x000001dd6ca1e078 sp=0x000000998c2fdad0
Event: 6.202 Thread 0x000001dd5ce47b70 DEOPT UNPACKING pc=0x000001dd6be669a3 sp=0x000000998c2fd6d8 mode 2
Event: 6.226 Thread 0x000001dd5ce47b70 Uncommon trap: trap_request=0xffffff66 fr.pc=0x000001dd6ca16664 relative=0x0000000000000544
Event: 6.226 Thread 0x000001dd5ce47b70 Uncommon trap: reason=speculate_class_check action=maybe_recompile pc=0x000001dd6ca16664 method=org.jetbrains.kotlin.ir.declarations.IrFunction.acceptChildren(Lorg/jetbrains/kotlin/ir/visitors/IrElementVisitor;Ljava/lang/Object;)V @ 165 c2
Event: 6.226 Thread 0x000001dd5ce47b70 DEOPT PACKING pc=0x000001dd6ca16664 sp=0x000000998c2fda00
Event: 6.226 Thread 0x000001dd5ce47b70 DEOPT UNPACKING pc=0x000001dd6be669a3 sp=0x000000998c2fd608 mode 2
Event: 6.226 Thread 0x000001dd5ce47b70 Uncommon trap: trap_request=0xffffff66 fr.pc=0x000001dd6ca16664 relative=0x0000000000000544
Event: 6.226 Thread 0x000001dd5ce47b70 Uncommon trap: reason=speculate_class_check action=maybe_recompile pc=0x000001dd6ca16664 method=org.jetbrains.kotlin.ir.declarations.IrFunction.acceptChildren(Lorg/jetbrains/kotlin/ir/visitors/IrElementVisitor;Ljava/lang/Object;)V @ 165 c2
Event: 6.226 Thread 0x000001dd5ce47b70 DEOPT PACKING pc=0x000001dd6ca16664 sp=0x000000998c2fc1f0
Event: 6.226 Thread 0x000001dd5ce47b70 DEOPT UNPACKING pc=0x000001dd6be669a3 sp=0x000000998c2fbdf8 mode 2

Classes loaded (20 events):
Event: 5.856 Loading class java/lang/constant/MethodHandleDesc$1
Event: 5.856 Loading class java/lang/constant/MethodHandleDesc$1 done
Event: 5.856 Loading class java/lang/constant/DirectMethodHandleDescImpl
Event: 5.857 Loading class java/lang/constant/DirectMethodHandleDesc
Event: 5.857 Loading class java/lang/constant/DirectMethodHandleDesc done
Event: 5.857 Loading class java/lang/constant/DirectMethodHandleDescImpl done
Event: 5.857 Loading class java/lang/constant/DirectMethodHandleDescImpl$1
Event: 5.857 Loading class java/lang/constant/DirectMethodHandleDescImpl$1 done
Event: 5.857 Loading class java/lang/constant/DirectMethodHandleDesc$1
Event: 5.857 Loading class java/lang/constant/DirectMethodHandleDesc$1 done
Event: 5.857 Loading class java/lang/constant/PrimitiveClassDescImpl
Event: 5.857 Loading class java/lang/constant/DynamicConstantDesc
Event: 5.857 Loading class java/lang/constant/DynamicConstantDesc done
Event: 5.857 Loading class java/lang/constant/PrimitiveClassDescImpl done
Event: 5.857 Loading class java/lang/constant/DynamicConstantDesc$AnonymousDynamicConstantDesc
Event: 5.857 Loading class java/lang/constant/DynamicConstantDesc$AnonymousDynamicConstantDesc done
Event: 5.857 Loading class java/util/Base64
Event: 5.857 Loading class java/util/Base64 done
Event: 5.857 Loading class java/util/Base64$Encoder
Event: 5.857 Loading class java/util/Base64$Encoder done

Classes unloaded (0 events):
No events

Classes redefined (0 events):
No events

Internal exceptions (20 events):
Event: 4.455 Thread 0x000001dd5ce47b70 Exception <a 'java/lang/NoSuchMethodError'{0x000000070c838218}: 'java.lang.Object java.lang.invoke.DirectMethodHandle$Holder.invokeSpecial(java.lang.Object, java.lang.Object, java.lang.Object, int, int)'> (0x000000070c838218) 
thrown [s\src\hotspot\share\interpreter\linkResolver.cpp, line 759]
Event: 4.456 Thread 0x000001dd5ce47b70 Exception <a 'java/lang/NoSuchMethodError'{0x000000070c83c090}: 'java.lang.Object java.lang.invoke.Invokers$Holder.linkToTargetMethod(java.lang.Object, int, int, java.lang.Object)'> (0x000000070c83c090) 
thrown [s\src\hotspot\share\interpreter\linkResolver.cpp, line 759]
Event: 4.472 Thread 0x000001dd5ce47b70 Exception <a 'java/lang/NoSuchMethodError'{0x000000070c8f4d48}: 'java.lang.Object java.lang.invoke.DirectMethodHandle$Holder.newInvokeSpecial(java.lang.Object, java.lang.Object, java.lang.Object, java.lang.Object, java.lang.Object, java.lang.Object, java.lang.Object, int)'> (0x000000070c8f4d48) 
thrown [s\src\hotspot\share\interpreter\linkResolver.cpp, line 759]
Event: 4.472 Thread 0x000001dd5ce47b70 Exception <a 'java/lang/NoSuchMethodError'{0x000000070c8f9e08}: 'java.lang.Object java.lang.invoke.DirectMethodHandle$Holder.invokeSpecial(java.lang.Object, java.lang.Object, java.lang.Object, java.lang.Object, java.lang.Object, java.lang.Object, java.lang.Object, java.lang.Object, int)'> (0x000000070c8f9e08) 
thrown [s\src\hotspot\share\interpreter\linkResolver.cpp, line 759]
Event: 4.954 Thread 0x000001dd5ce47b70 Exception <a 'java/lang/NoSuchMethodError'{0x000000070d196620}: 'java.lang.Object java.lang.invoke.DirectMethodHandle$Holder.invokeStatic(java.lang.Object, java.lang.Object, int, java.lang.Object, java.lang.Object)'> (0x000000070d196620) 
thrown [s\src\hotspot\share\interpreter\linkResolver.cpp, line 759]
Event: 4.954 Thread 0x000001dd5ce47b70 Exception <a 'java/lang/NoSuchMethodError'{0x000000070d19e6e0}: 'java.lang.Object java.lang.invoke.DirectMethodHandle$Holder.newInvokeSpecial(java.lang.Object, java.lang.Object, int, java.lang.Object, java.lang.Object)'> (0x000000070d19e6e0) 
thrown [s\src\hotspot\share\interpreter\linkResolver.cpp, line 759]
Event: 4.954 Thread 0x000001dd5ce47b70 Exception <a 'java/lang/NoSuchMethodError'{0x000000070d1a2e28}: 'java.lang.Object java.lang.invoke.DirectMethodHandle$Holder.invokeSpecial(java.lang.Object, java.lang.Object, java.lang.Object, int, java.lang.Object, java.lang.Object)'> (0x000000070d1a2e28) 
thrown [s\src\hotspot\share\interpreter\linkResolver.cpp, line 759]
Event: 4.954 Thread 0x000001dd5ce47b70 Exception <a 'java/lang/NoSuchMethodError'{0x000000070d1a6b78}: 'java.lang.Object java.lang.invoke.Invokers$Holder.linkToTargetMethod(java.lang.Object, int, java.lang.Object, java.lang.Object, java.lang.Object)'> (0x000000070d1a6b78) 
thrown [s\src\hotspot\share\interpreter\linkResolver.cpp, line 759]
Event: 5.253 Thread 0x000001dd5ce47b70 Implicit null exception at 0x000001dd6c9449b8 to 0x000001dd6c945d58
Event: 5.262 Thread 0x000001dd5ce47b70 Exception <a 'java/lang/NoSuchMethodError'{0x000000070e29f320}: 'java.lang.Object java.lang.invoke.DirectMethodHandle$Holder.invokeStatic(java.lang.Object, java.lang.Object, java.lang.Object, java.lang.Object, java.lang.Object, java.lang.Object, int, java.lang.Object)'> (0x000000070e29f320) 
thrown [s\src\hotspot\share\interpreter\linkResolver.cpp, line 759]
Event: 5.262 Thread 0x000001dd5ce47b70 Exception <a 'java/lang/NoSuchMethodError'{0x000000070e2aa598}: 'java.lang.Object java.lang.invoke.DirectMethodHandle$Holder.newInvokeSpecial(java.lang.Object, java.lang.Object, java.lang.Object, java.lang.Object, java.lang.Object, java.lang.Object, int)'> (0x000000070e2aa598) 
thrown [s\src\hotspot\share\interpreter\linkResolver.cpp, line 759]
Event: 5.263 Thread 0x000001dd5ce47b70 Exception <a 'java/lang/NoSuchMethodError'{0x000000070e2af6a8}: 'java.lang.Object java.lang.invoke.DirectMethodHandle$Holder.invokeSpecial(java.lang.Object, java.lang.Object, java.lang.Object, java.lang.Object, java.lang.Object, java.lang.Object, java.lang.Object, int)'> (0x000000070e2af6a8) 
thrown [s\src\hotspot\share\interpreter\linkResolver.cpp, line 759]
Event: 5.356 Thread 0x000001dd5ce47b70 Exception <a 'java/lang/NoSuchMethodError'{0x000000070d90b630}: 'java.lang.Object java.lang.invoke.DirectMethodHandle$Holder.invokeStatic(java.lang.Object, java.lang.Object, java.lang.Object, java.lang.Object, java.lang.Object, int, java.lang.Object, java.lang.Object)'> (0x000000070d90b630) 
thrown [s\src\hotspot\share\interpreter\linkResolver.cpp, line 759]
Event: 5.515 Thread 0x000001dd5ce47b70 Exception <a 'java/lang/NoSuchMethodError'{0x0000000714269270}: 'java.lang.Object java.lang.invoke.DirectMethodHandle$Holder.newInvokeSpecial(java.lang.Object, int, java.lang.Object, int)'> (0x0000000714269270) 
thrown [s\src\hotspot\share\interpreter\linkResolver.cpp, line 759]
Event: 5.516 Thread 0x000001dd5ce47b70 Exception <a 'java/lang/NoSuchMethodError'{0x000000071426d2e8}: 'java.lang.Object java.lang.invoke.DirectMethodHandle$Holder.invokeSpecial(java.lang.Object, java.lang.Object, int, java.lang.Object, int)'> (0x000000071426d2e8) 
thrown [s\src\hotspot\share\interpreter\linkResolver.cpp, line 759]
Event: 5.844 Thread 0x000001dd5ce47b70 Exception <a 'java/lang/NoSuchMethodError'{0x000000070e167fa0}: 'java.lang.Object java.lang.invoke.DirectMethodHandle$Holder.invokeStatic(java.lang.Object, java.lang.Object, java.lang.Object, java.lang.Object, int, java.lang.Object)'> (0x000000070e167fa0) 
thrown [s\src\hotspot\share\interpreter\linkResolver.cpp, line 759]
Event: 5.965 Thread 0x000001dd5ce47b70 Exception <a 'java/lang/NoSuchMethodError'{0x000000070db04e90}: 'java.lang.Object java.lang.invoke.DirectMethodHandle$Holder.newInvokeSpecial(java.lang.Object, java.lang.Object, int, java.lang.Object)'> (0x000000070db04e90) 
thrown [s\src\hotspot\share\interpreter\linkResolver.cpp, line 759]
Event: 5.965 Thread 0x000001dd5ce47b70 Exception <a 'java/lang/NoSuchMethodError'{0x000000070db09168}: 'java.lang.Object java.lang.invoke.DirectMethodHandle$Holder.invokeSpecial(java.lang.Object, java.lang.Object, java.lang.Object, int, java.lang.Object)'> (0x000000070db09168) 
thrown [s\src\hotspot\share\interpreter\linkResolver.cpp, line 759]
Event: 5.966 Thread 0x000001dd5ce47b70 Exception <a 'java/lang/NoSuchMethodError'{0x000000070db0cda0}: 'java.lang.Object java.lang.invoke.Invokers$Holder.linkToTargetMethod(java.lang.Object, int, java.lang.Object, java.lang.Object)'> (0x000000070db0cda0) 
thrown [s\src\hotspot\share\interpreter\linkResolver.cpp, line 759]
Event: 6.001 Thread 0x000001dd5ce47b70 Implicit null exception at 0x000001dd6cb226d2 to 0x000001dd6cb227c5

VM Operations (20 events):
Event: 6.067 Executing VM operation: HandshakeAllThreads done
Event: 6.067 Executing VM operation: ICBufferFull
Event: 6.068 Executing VM operation: ICBufferFull done
Event: 6.070 Executing VM operation: HandshakeAllThreads
Event: 6.070 Executing VM operation: HandshakeAllThreads done
Event: 6.097 Executing VM operation: ICBufferFull
Event: 6.097 Executing VM operation: ICBufferFull done
Event: 6.142 Executing VM operation: HandshakeAllThreads
Event: 6.142 Executing VM operation: HandshakeAllThreads done
Event: 6.151 Executing VM operation: ICBufferFull
Event: 6.151 Executing VM operation: ICBufferFull done
Event: 6.153 Executing VM operation: HandshakeAllThreads
Event: 6.153 Executing VM operation: HandshakeAllThreads done
Event: 6.154 Executing VM operation: HandshakeAllThreads
Event: 6.154 Executing VM operation: HandshakeAllThreads done
Event: 6.184 Executing VM operation: HandshakeAllThreads
Event: 6.184 Executing VM operation: HandshakeAllThreads done
Event: 6.197 Executing VM operation: ICBufferFull
Event: 6.197 Executing VM operation: ICBufferFull done
Event: 6.239 Executing VM operation: G1CollectForAllocation

Memory protections (0 events):
No events

Nmethod flushes (20 events):
Event: 6.091 Thread 0x000001dd001fd110 flushing  nmethod 0x000001dd66a88090
Event: 6.091 Thread 0x000001dd001fd110 flushing  nmethod 0x000001dd66a89710
Event: 6.091 Thread 0x000001dd001fd110 flushing  nmethod 0x000001dd66a8d610
Event: 6.091 Thread 0x000001dd001fd110 flushing  nmethod 0x000001dd66a8f590
Event: 6.091 Thread 0x000001dd001fd110 flushing  nmethod 0x000001dd66a91410
Event: 6.091 Thread 0x000001dd001fd110 flushing  nmethod 0x000001dd66a92690
Event: 6.091 Thread 0x000001dd001fd110 flushing  nmethod 0x000001dd66a97e90
Event: 6.091 Thread 0x000001dd001fd110 flushing  nmethod 0x000001dd66a9a590
Event: 6.091 Thread 0x000001dd001fd110 flushing  nmethod 0x000001dd66b50b10
Event: 6.091 Thread 0x000001dd001fd110 flushing  nmethod 0x000001dd66b61090
Event: 6.091 Thread 0x000001dd001fd110 flushing  nmethod 0x000001dd66c0cf90
Event: 6.092 Thread 0x000001dd001fd110 flushing  nmethod 0x000001dd66e49c90
Event: 6.092 Thread 0x000001dd001fd110 flushing  nmethod 0x000001dd66e84390
Event: 6.092 Thread 0x000001dd001fd110 flushing  nmethod 0x000001dd66efce10
Event: 6.093 Thread 0x000001dd001fd110 flushing  nmethod 0x000001dd66ff4b10
Event: 6.093 Thread 0x000001dd001fd110 flushing  nmethod 0x000001dd6703d990
Event: 6.093 Thread 0x000001dd001fd110 flushing  nmethod 0x000001dd670b0610
Event: 6.093 Thread 0x000001dd001fd110 flushing  nmethod 0x000001dd670b1e90
Event: 6.094 Thread 0x000001dd001fd110 flushing  nmethod 0x000001dd670eb010
Event: 6.094 Thread 0x000001dd001fd110 flushing  nmethod 0x000001dd67141510

Events (17 events):
Event: 0.021 Thread 0x000001dd5ce47b70 Thread added: 0x000001dd5ce47b70
Event: 0.022 Thread 0x000001dd5ce47b70 Thread added: 0x000001dd001adb60
Event: 0.022 Thread 0x000001dd5ce47b70 Thread added: 0x000001dd001ae720
Event: 0.027 Thread 0x000001dd5ce47b70 Thread added: 0x000001dd001c89f0
Event: 0.027 Thread 0x000001dd5ce47b70 Thread added: 0x000001dd001c93b0
Event: 0.027 Thread 0x000001dd5ce47b70 Thread added: 0x000001dd001c9d70
Event: 0.027 Thread 0x000001dd5ce47b70 Thread added: 0x000001dd001ca730
Event: 0.027 Thread 0x000001dd5ce47b70 Thread added: 0x000001dd001cb420
Event: 0.027 Thread 0x000001dd5ce47b70 Thread added: 0x000001dd001d3ee0
Event: 0.027 Thread 0x000001dd5ce47b70 Thread added: 0x000001dd001fd110
Event: 0.039 Thread 0x000001dd001d3ee0 Thread added: 0x000001dd0019a2f0
Event: 0.041 Thread 0x000001dd5ce47b70 Thread added: 0x000001dd00aa1c80
Event: 0.042 Thread 0x000001dd5ce47b70 Thread added: 0x000001dd00aa7dc0
Event: 0.056 Thread 0x000001dd001cb420 Thread added: 0x000001dd00ab2290
Event: 0.180 Thread 0x000001dd001d3ee0 Thread added: 0x000001dd460f5760
Event: 0.807 Thread 0x000001dd001cb420 Thread added: 0x000001dd46231fd0
Event: 1.995 Thread 0x000001dd0019a2f0 Thread added: 0x000001dd46230a90


Dynamic libraries:
0x00007ff62cf50000 - 0x00007ff62cf5e000 	D:\jdk17\bin\java.exe
0x00007ffbbf880000 - 0x00007ffbbfae6000 	C:\WINDOWS\SYSTEM32\ntdll.dll
0x00007ffbbde20000 - 0x00007ffbbdee9000 	C:\WINDOWS\System32\KERNEL32.DLL
0x00007ffbbcde0000 - 0x00007ffbbd1da000 	C:\WINDOWS\System32\KERNELBASE.dll
0x00007ffbbd3f0000 - 0x00007ffbbd53c000 	C:\WINDOWS\System32\ucrtbase.dll
0x00007ffbb6550000 - 0x00007ffbb6568000 	D:\jdk17\bin\jli.dll
0x00007ffbb4450000 - 0x00007ffbb446e000 	D:\jdk17\bin\VCRUNTIME140.dll
0x00007ffbbdef0000 - 0x00007ffbbe0b7000 	C:\WINDOWS\System32\USER32.dll
0x00007ffbbcb10000 - 0x00007ffbbcb37000 	C:\WINDOWS\System32\win32u.dll
0x00007ffba5f20000 - 0x00007ffba61b2000 	C:\WINDOWS\WinSxS\amd64_microsoft.windows.common-controls_6595b64144ccf1df_6.0.26100.8521_none_3e08b75ce33403b3\COMCTL32.dll
0x00007ffbbe650000 - 0x00007ffbbe67b000 	C:\WINDOWS\System32\GDI32.dll
0x00007ffbbcc00000 - 0x00007ffbbcd2b000 	C:\WINDOWS\System32\gdi32full.dll
0x00007ffbbd6b0000 - 0x00007ffbbd759000 	C:\WINDOWS\System32\msvcrt.dll
0x00007ffbbd540000 - 0x00007ffbbd5e3000 	C:\WINDOWS\System32\msvcp_win.dll
0x00007ffbbf740000 - 0x00007ffbbf772000 	C:\WINDOWS\System32\IMM32.DLL
0x00007ffbb6670000 - 0x00007ffbb667c000 	D:\jdk17\bin\vcruntime140_1.dll
0x00007ffb8a740000 - 0x00007ffb8a7c9000 	D:\jdk17\bin\msvcp140.dll
0x00007ffad05e0000 - 0x00007ffad125a000 	D:\jdk17\bin\server\jvm.dll
0x00007ffbbef90000 - 0x00007ffbbf046000 	C:\WINDOWS\System32\ADVAPI32.dll
0x00007ffbbd820000 - 0x00007ffbbd8ca000 	C:\WINDOWS\System32\sechost.dll
0x00007ffbbe530000 - 0x00007ffbbe648000 	C:\WINDOWS\System32\RPCRT4.dll
0x00007ffbbdbf0000 - 0x00007ffbbdc70000 	C:\WINDOWS\System32\WS2_32.dll
0x00007ffbb2180000 - 0x00007ffbb21b6000 	C:\WINDOWS\SYSTEM32\WINMM.dll
0x00007ffbbc970000 - 0x00007ffbbc9ce000 	C:\WINDOWS\SYSTEM32\POWRPROF.dll
0x00007ffbb1ee0000 - 0x00007ffbb1eeb000 	C:\WINDOWS\SYSTEM32\VERSION.dll
0x00007ffbbc950000 - 0x00007ffbbc964000 	C:\WINDOWS\SYSTEM32\UMPDC.dll
0x00007ffbbb880000 - 0x00007ffbbb89b000 	C:\WINDOWS\SYSTEM32\kernel.appcore.dll
0x00007ffbb6510000 - 0x00007ffbb651a000 	D:\jdk17\bin\jimage.dll
0x00007ffbac720000 - 0x00007ffbac962000 	C:\WINDOWS\SYSTEM32\DBGHELP.DLL
0x00007ffbbe1a0000 - 0x00007ffbbe523000 	C:\WINDOWS\System32\combase.dll
0x00007ffbbe0c0000 - 0x00007ffbbe199000 	C:\WINDOWS\System32\OLEAUT32.dll
0x00007ffb98ae0000 - 0x00007ffb98b1b000 	C:\WINDOWS\SYSTEM32\dbgcore.DLL
0x00007ffbbcd30000 - 0x00007ffbbcdd8000 	C:\WINDOWS\System32\bcryptPrimitives.dll
0x00007ffba69a0000 - 0x00007ffba69c6000 	D:\jdk17\bin\java.dll
0x00007ffb7d700000 - 0x00007ffb7d7d6000 	D:\jdk17\bin\jsvml.dll
0x00007ffbbe690000 - 0x00007ffbbee14000 	C:\WINDOWS\System32\SHELL32.dll
0x00007ffbba6c0000 - 0x00007ffbbaf40000 	C:\WINDOWS\SYSTEM32\windows.storage.dll
0x00007ffbbd8e0000 - 0x00007ffbbd9d6000 	C:\WINDOWS\System32\SHCORE.dll
0x00007ffbbd5f0000 - 0x00007ffbbd657000 	C:\WINDOWS\System32\shlwapi.dll
0x00007ffbbca30000 - 0x00007ffbbca59000 	C:\WINDOWS\SYSTEM32\profapi.dll
0x00007ffbb11e0000 - 0x00007ffbb11fb000 	D:\jdk17\bin\net.dll
0x00007ffbb5a60000 - 0x00007ffbb5b89000 	C:\WINDOWS\SYSTEM32\WINHTTP.dll
0x00007ffbbbe10000 - 0x00007ffbbbe7c000 	C:\WINDOWS\system32\mswsock.dll
0x00007ffba6750000 - 0x00007ffba6766000 	D:\jdk17\bin\nio.dll
0x00007ffbb1410000 - 0x00007ffbb1428000 	D:\jdk17\bin\zip.dll
0x00007ffbb4410000 - 0x00007ffbb4420000 	D:\jdk17\bin\verify.dll

dbghelp: loaded successfully - version: 4.0.5 - missing functions: none
symbol engine: initialized successfully - sym options: 0x614 - pdb path: .;D:\jdk17\bin;C:\WINDOWS\SYSTEM32;C:\WINDOWS\WinSxS\amd64_microsoft.windows.common-controls_6595b64144ccf1df_6.0.26100.8521_none_3e08b75ce33403b3;D:\jdk17\bin\server

VM Arguments:
java_command: org.jetbrains.kotlin.cli.jvm.K2JVMCompiler @D:\AndroidStudioProjects\ReceiptNormalization\app\build\20260609_15305150178590864715.compiler.options
java_class_path (initial): C:\Users\Gigabyte\.gradle\caches\modules-2\files-2.1\org.jetbrains.kotlin\kotlin-compiler-embeddable\2.0.21\79346ed53db48b18312a472602eb5c057070c54d\kotlin-compiler-embeddable-2.0.21.jar;C:\Users\Gigabyte\.gradle\caches\modules-2\files-2.1\org.jetbrains.kotlin\kotlin-stdlib\2.0.21\618b539767b4899b4660a83006e052b63f1db551\kotlin-stdlib-2.0.21.jar;C:\Users\Gigabyte\.gradle\caches\modules-2\files-2.1\org.jetbrains.kotlin\kotlin-script-runtime\2.0.21\c9b044380ad41f89aa89aa896c2d32a8c0b2129d\kotlin-script-runtime-2.0.21.jar;C:\Users\Gigabyte\.gradle\caches\modules-2\files-2.1\org.jetbrains.kotlin\kotlin-reflect\1.6.10\1cbe9c92c12a94eea200d23c2bbaedaf3daf5132\kotlin-reflect-1.6.10.jar;C:\Users\Gigabyte\.gradle\caches\modules-2\files-2.1\org.jetbrains.kotlin\kotlin-daemon-embeddable\2.0.21\c9e933b23287de9b5a17e2116b4657bb91aea72c\kotlin-daemon-embeddable-2.0.21.jar;C:\Users\Gigabyte\.gradle\caches\modules-2\files-2.1\org.jetbrains.intellij.deps\trove4j\1.0.20200330\3afb14d5f9ceb459d724e907a21145e8ff394f02\trove4j-1.0.20200330.jar;C:\Users\Gigabyte\.gradle\caches\modules-2\files-2.1\org.jetbrains.kotlinx\kotlinx-coroutines-core-jvm\1.6.4\2c997cd1c0ef33f3e751d3831929aeff1390cb30\kotlinx-coroutines-core-jvm-1.6.4.jar;C:\Users\Gigabyte\.gradle\caches\modules-2\files-2.1\org.jetbrains\annotations\13.0\919f0dfe192fb4e063e7dacadee7f8bb9a2672a9\annotations-13.0.jar
Launcher Type: SUN_STANDARD

[Global flags]
     intx CICompilerCount                          = 12                                        {product} {ergonomic}
     uint ConcGCThreads                            = 3                                         {product} {ergonomic}
     uint G1ConcRefinementThreads                  = 13                                        {product} {ergonomic}
   size_t G1HeapRegionSize                         = 2097152                                   {product} {ergonomic}
    uintx GCDrainStackTargetSize                   = 64                                        {product} {ergonomic}
   size_t InitialHeapSize                          = 264241152                                 {product} {ergonomic}
   size_t MarkStackSize                            = 4194304                                   {product} {ergonomic}
   size_t MaxHeapSize                              = 4219469824                                {product} {ergonomic}
   size_t MaxNewSize                               = 2531262464                                {product} {ergonomic}
   size_t MinHeapDeltaBytes                        = 2097152                                   {product} {ergonomic}
   size_t MinHeapSize                              = 8388608                                   {product} {ergonomic}
    uintx NonNMethodCodeHeapSize                   = 7602480                                {pd product} {ergonomic}
    uintx NonProfiledCodeHeapSize                  = 122027880                              {pd product} {ergonomic}
    uintx ProfiledCodeHeapSize                     = 122027880                              {pd product} {ergonomic}
    uintx ReservedCodeCacheSize                    = 251658240                              {pd product} {ergonomic}
     bool SegmentedCodeCache                       = true                                      {product} {ergonomic}
   size_t SoftMaxHeapSize                          = 4219469824                             {manageable} {ergonomic}
     bool UseCompressedClassPointers               = true                           {product lp64_product} {ergonomic}
     bool UseCompressedOops                        = true                           {product lp64_product} {ergonomic}
     bool UseG1GC                                  = true                                      {product} {ergonomic}
     bool UseLargePagesIndividualAllocation        = false                                  {pd product} {ergonomic}

Logging:
Log output configuration:
 #0: stdout all=warning uptime,level,tags
 #1: stderr all=off uptime,level,tags

Environment Variables:
PATH=D:\python 3.11.9\Scripts\;D:\python 3.11.9\;D:\Oracle\dbhomeXE\bin;D:\Applications\python\Scripts\;D:\Applications\python\;C:\Program Files\Common Files\Oracle\Java\javapath;C:\Windows\system32;C:\Windows;C:\Windows\System32\Wbem;C:\Windows\System32\WindowsPowerShell\v1.0\;C:\Windows\System32\OpenSSH\;C:\Program Files (x86)\NVIDIA Corporation\PhysX\Common;C:\Program Files\Microsoft SQL Server\150\Tools\Binn\;C:\Program Files (x86)\Microsoft SQL Server\160\DTS\Binn\;C:\Program Files (x86)\Microsoft SQL Server\160\Tools\Binn\;C:\Program Files\Microsoft SQL Server\160\Tools\Binn\;C:\Program Files\Microsoft SQL Server\Client SDK\ODBC\170\Tools\Binn\;C:\Program Files\Microsoft SQL Server\160\DTS\Binn\;C:\Program Files\Microsoft SQL Server Migration Assistant for Access\bin\;C:\WINDOWS\system32;C:\WINDOWS;C:\WINDOWS\System32\Wbem;C:\WINDOWS\System32\WindowsPowerShell\v1.0\;C:\WINDOWS\System32\OpenSSH\;C:\Program Files\NVIDIA Corporation\NVIDIA app\NvDLISR;D:\nodejs\;D:\Applications\Git\cmd;C:\Program Files\Microsoft SQL Server\170\Tools\Binn\;C:\Users\Gigabyte\AppData\Local\Microsoft\WindowsApps;C:\Program Files\Azure Data Studio\bin;D:\Applications\Microsoft VS Code\bin;C:\Users\Gigabyte\AppData\Roaming\npm;D:\Applications\Git\bin
USERNAME=Gigabyte
OS=Windows_NT
PROCESSOR_IDENTIFIER=Intel64 Family 6 Model 154 Stepping 3, GenuineIntel
TMP=C:\Users\Gigabyte\AppData\Local\Temp
TEMP=C:\Users\Gigabyte\AppData\Local\Temp



Periodic native trim disabled


---------------  S Y S T E M  ---------------

OS:
 Windows 11 , 64 bit Build 26100 (10.0.26100.8521)
OS uptime: 3 days 19:59 hours
Hyper-V role detected

CPU: total 16 (initial active 16) (8 cores per cpu, 2 threads per core) family 6 model 154 stepping 3 microcode 0x423, cx8, cmov, fxsr, ht, mmx, 3dnowpref, sse, sse2, sse3, ssse3, sse4.1, sse4.2, popcnt, lzcnt, tsc, tscinvbit, avx, avx2, aes, erms, clmul, bmi1, bmi2, adx, sha, fma, vzeroupper, clflush, clflushopt, clwb, hv
Processor Information for processor 0
  Max Mhz: 2500, Current Mhz: 2500, Mhz Limit: 2500
Processor Information for processor 1
  Max Mhz: 2500, Current Mhz: 2500, Mhz Limit: 2500
Processor Information for processor 2
  Max Mhz: 2500, Current Mhz: 2500, Mhz Limit: 2500
Processor Information for processor 3
  Max Mhz: 2500, Current Mhz: 2500, Mhz Limit: 2500
Processor Information for processor 4
  Max Mhz: 2500, Current Mhz: 1532, Mhz Limit: 2500
Processor Information for processor 5
  Max Mhz: 2500, Current Mhz: 2500, Mhz Limit: 2500
Processor Information for processor 6
  Max Mhz: 2500, Current Mhz: 2500, Mhz Limit: 2500
Processor Information for processor 7
  Max Mhz: 2500, Current Mhz: 2500, Mhz Limit: 2500
Processor Information for processor 8
  Max Mhz: 2500, Current Mhz: 1800, Mhz Limit: 1800
Processor Information for processor 9
  Max Mhz: 2500, Current Mhz: 1800, Mhz Limit: 1800
Processor Information for processor 10
  Max Mhz: 2500, Current Mhz: 1800, Mhz Limit: 1800
Processor Information for processor 11
  Max Mhz: 2500, Current Mhz: 1800, Mhz Limit: 1800
Processor Information for processor 12
  Max Mhz: 2500, Current Mhz: 1800, Mhz Limit: 1800
Processor Information for processor 13
  Max Mhz: 2500, Current Mhz: 1800, Mhz Limit: 1800
Processor Information for processor 14
  Max Mhz: 2500, Current Mhz: 1500, Mhz Limit: 1800
Processor Information for processor 15
  Max Mhz: 2500, Current Mhz: 1500, Mhz Limit: 1800

Memory: 4k page, system-wide physical 16088M (667M free)
TotalPageFile size 34434M (AvailPageFile size 9M)
current process WorkingSet (physical memory assigned to process): 447M, peak: 456M
current process commit charge ("private bytes"): 567M, peak: 667M

vm_info: OpenJDK 64-Bit Server VM (17.0.18+8-LTS) for windows-amd64 JRE (17.0.18+8-LTS), built on Jan 15 2026 18:50:45 by "MicrosoftCorporation" with MS VC++ 17.14 (VS2022)

END.
