#
# There is insufficient memory for the Java Runtime Environment to continue.
# Native memory allocation (mmap) failed to map 119537664 bytes. Error detail: G1 virtual space
# Possible reasons:
#   The system is out of physical RAM or swap space
#   This process is running with CompressedOops enabled, and the Java Heap may be blocking the growth of the native heap
# Possible solutions:
#   Reduce memory load on the system
#   Increase physical memory or swap space
#   Check if swap backing store is full
#   Decrease Java heap size (-Xmx/-Xms)
#   Decrease number of Java threads
#   Decrease Java thread stack sizes (-Xss)
#   Set larger code cache with -XX:ReservedCodeCacheSize=
#   JVM is running with Zero Based Compressed Oops mode in which the Java heap is
#     placed in the first 32GB address space. The Java Heap base address is the
#     maximum limit for the native heap growth. Please use -XX:HeapBaseMinAddress
#     to set the Java Heap base and to place the Java Heap above 32GB virtual address.
# This output file may be truncated or incomplete.
#
#  Out of Memory Error (os_windows.cpp:3690), pid=40944, tid=17340
#
# JRE version: OpenJDK Runtime Environment Microsoft-13106358 (17.0.18+8) (build 17.0.18+8-LTS)
# Java VM: OpenJDK 64-Bit Server VM Microsoft-13106358 (17.0.18+8-LTS, mixed mode, sharing, tiered, compressed oops, compressed class ptrs, g1 gc, windows-amd64)
# No core dump will be written. Minidumps are not enabled by default on client versions of Windows
#

---------------  S U M M A R Y ------------

Command Line: org.jetbrains.kotlin.cli.jvm.K2JVMCompiler @D:\AndroidStudioProjects\ReceiptNormalization\app\build\20260609_11997260035983979296.compiler.options

Host: 12th Gen Intel(R) Core(TM) i5-12500H, 16 cores, 15G,  Windows 11 , 64 bit Build 26100 (10.0.26100.8521)
Time: Tue Jun  9 12:39:04 2026  Windows 11 , 64 bit Build 26100 (10.0.26100.8521) elapsed time: 9.075648 seconds (0d 0h 0m 9s)

---------------  T H R E A D  ---------------

Current thread (0x000001a1e9008880):  VMThread "VM Thread" [stack: 0x0000007026500000,0x0000007026600000] [id=17340]

Stack: [0x0000007026500000,0x0000007026600000]
Native frames: (J=compiled Java code, j=interpreted, Vv=VM code, C=native code)
V  [jvm.dll+0x68c879]  (no source info available)
V  [jvm.dll+0x845979]  (no source info available)
V  [jvm.dll+0x8476e8]  (no source info available)
V  [jvm.dll+0x847d73]  (no source info available)
V  [jvm.dll+0x24cf6f]  (no source info available)
V  [jvm.dll+0x68bc79]  (no source info available)
V  [jvm.dll+0x68023a]  (no source info available)
V  [jvm.dll+0x3101a0]  (no source info available)
V  [jvm.dll+0x310042]  (no source info available)
V  [jvm.dll+0x317599]  (no source info available)
V  [jvm.dll+0x369999]  (no source info available)
V  [jvm.dll+0x369bcd]  (no source info available)
V  [jvm.dll+0x2e69aa]  (no source info available)
V  [jvm.dll+0x2e4da1]  (no source info available)
V  [jvm.dll+0x2e453c]  (no source info available)
V  [jvm.dll+0x328ecb]  (no source info available)
V  [jvm.dll+0x84c5fd]  (no source info available)
V  [jvm.dll+0x84d313]  (no source info available)
V  [jvm.dll+0x84d844]  (no source info available)
V  [jvm.dll+0x84dc28]  (no source info available)
V  [jvm.dll+0x84dd1e]  (no source info available)
V  [jvm.dll+0x7f5ebc]  (no source info available)
V  [jvm.dll+0x68de17]  (no source info available)
C  [ucrtbase.dll+0x2cd30]  (no source info available)
C  [KERNEL32.DLL+0x2e957]  (no source info available)
C  [ntdll.dll+0x87c1c]  (no source info available)

VM_Operation (0x0000007025ffcaf0): G1CollectForAllocation, mode: safepoint, requested by thread 0x000001a1826c89f0


---------------  P R O C E S S  ---------------

Threads class SMR info:
_java_thread_list=0x000001a1ef9b3330, length=18, elements={
0x000001a1826c89f0, 0x000001a1e900e390, 0x000001a1e900ec60, 0x000001a1e9027bd0,
0x000001a1e90284a0, 0x000001a1e9028d70, 0x000001a1e9029640, 0x000001a1e902a9e0,
0x000001a1e902bb40, 0x000001a1e902e460, 0x000001a1e910ea70, 0x000001a1e91f4ac0,
0x000001a1e91f4fe0, 0x000001a1e91f7920, 0x000001a1e96125b0, 0x000001a1ef9ad720,
0x000001a1ef9b2be0, 0x000001a1efad9030
}

Java Threads: ( => current thread )
  0x000001a1826c89f0 JavaThread "main" [_thread_blocked, id=16432, stack(0x0000007025f00000,0x0000007026000000)]
  0x000001a1e900e390 JavaThread "Reference Handler" daemon [_thread_blocked, id=28500, stack(0x0000007026600000,0x0000007026700000)]
  0x000001a1e900ec60 JavaThread "Finalizer" daemon [_thread_blocked, id=38276, stack(0x0000007026700000,0x0000007026800000)]
  0x000001a1e9027bd0 JavaThread "Signal Dispatcher" daemon [_thread_blocked, id=41880, stack(0x0000007026800000,0x0000007026900000)]
  0x000001a1e90284a0 JavaThread "Attach Listener" daemon [_thread_blocked, id=39156, stack(0x0000007026900000,0x0000007026a00000)]
  0x000001a1e9028d70 JavaThread "Service Thread" daemon [_thread_blocked, id=36420, stack(0x0000007026a00000,0x0000007026b00000)]
  0x000001a1e9029640 JavaThread "Monitor Deflation Thread" daemon [_thread_blocked, id=10836, stack(0x0000007026b00000,0x0000007026c00000)]
  0x000001a1e902a9e0 JavaThread "C2 CompilerThread0" daemon [_thread_blocked, id=16472, stack(0x0000007026c00000,0x0000007026d00000)]
  0x000001a1e902bb40 JavaThread "C1 CompilerThread0" daemon [_thread_blocked, id=32580, stack(0x0000007026d00000,0x0000007026e00000)]
  0x000001a1e902e460 JavaThread "Sweeper thread" daemon [_thread_blocked, id=34372, stack(0x0000007026e00000,0x0000007026f00000)]
  0x000001a1e910ea70 JavaThread "C1 CompilerThread1" daemon [_thread_blocked, id=36812, stack(0x0000007026f00000,0x0000007027000000)]
  0x000001a1e91f4ac0 JavaThread "C1 CompilerThread2" daemon [_thread_blocked, id=19256, stack(0x0000007027000000,0x0000007027100000)]
  0x000001a1e91f4fe0 JavaThread "Notification Thread" daemon [_thread_blocked, id=32484, stack(0x0000007027100000,0x0000007027200000)]
  0x000001a1e91f7920 JavaThread "Common-Cleaner" daemon [_thread_blocked, id=15568, stack(0x0000007027300000,0x0000007027400000)]
  0x000001a1e96125b0 JavaThread "C1 CompilerThread3" daemon [_thread_blocked, id=34888, stack(0x0000007027500000,0x0000007027600000)]
  0x000001a1ef9ad720 JavaThread "C2 CompilerThread1" daemon [_thread_blocked, id=34492, stack(0x0000007027400000,0x0000007027500000)]
  0x000001a1ef9b2be0 JavaThread "C2 CompilerThread2" daemon [_thread_blocked, id=39264, stack(0x0000007027d00000,0x0000007027e00000)]
  0x000001a1efad9030 JavaThread "C2 CompilerThread3" daemon [_thread_blocked, id=40332, stack(0x0000007027e00000,0x0000007027f00000)]

Other Threads:
=>0x000001a1e9008880 VMThread "VM Thread" [stack: 0x0000007026500000,0x0000007026600000] [id=17340]
  0x000001a1e91f54c0 WatcherThread [stack: 0x0000007027200000,0x0000007027300000] [id=30196]
  0x000001a182736900 GCTaskThread "GC Thread#0" [stack: 0x0000007026000000,0x0000007026100000] [id=15712]
  0x000001a1e970de70 GCTaskThread "GC Thread#1" [stack: 0x0000007027600000,0x0000007027700000] [id=36832]
  0x000001a1e970dba0 GCTaskThread "GC Thread#2" [stack: 0x0000007027700000,0x0000007027800000] [id=40640]
  0x000001a1e970f4f0 GCTaskThread "GC Thread#3" [stack: 0x0000007027800000,0x0000007027900000] [id=36128]
  0x000001a1e970e140 GCTaskThread "GC Thread#4" [stack: 0x0000007027900000,0x0000007027a00000] [id=3276]
  0x000001a1e970e410 GCTaskThread "GC Thread#5" [stack: 0x0000007027a00000,0x0000007027b00000] [id=28784]
  0x000001a1ee1302e0 GCTaskThread "GC Thread#6" [stack: 0x0000007027b00000,0x0000007027c00000] [id=11708]
  0x000001a1ee12d5e0 GCTaskThread "GC Thread#7" [stack: 0x0000007027c00000,0x0000007027d00000] [id=11724]
  0x000001a1ee1305b0 GCTaskThread "GC Thread#8" [stack: 0x0000007027f00000,0x0000007028000000] [id=10388]
  0x000001a1ee12f4d0 GCTaskThread "GC Thread#9" [stack: 0x0000007028000000,0x0000007028100000] [id=4828]
  0x000001a1ef338360 GCTaskThread "GC Thread#10" [stack: 0x0000007028300000,0x0000007028400000] [id=13036]
  0x000001a1ef33bba0 GCTaskThread "GC Thread#11" [stack: 0x0000007028400000,0x0000007028500000] [id=33668]
  0x000001a1ef33a520 GCTaskThread "GC Thread#12" [stack: 0x0000007028500000,0x0000007028600000] [id=31024]
  0x000001a1827472f0 ConcurrentGCThread "G1 Main Marker" [stack: 0x0000007026100000,0x0000007026200000] [id=36948]
  0x000001a182747c20 ConcurrentGCThread "G1 Conc#0" [stack: 0x0000007026200000,0x0000007026300000] [id=41388]
  0x000001a1ee12d310 ConcurrentGCThread "G1 Conc#1" [stack: 0x0000007028100000,0x0000007028200000] [id=40120]
  0x000001a1ee12d8b0 ConcurrentGCThread "G1 Conc#2" [stack: 0x0000007028200000,0x0000007028300000] [id=9224]
  0x000001a1a7b5e020 ConcurrentGCThread "G1 Refine#0" [stack: 0x0000007026300000,0x0000007026400000] [id=35780]
  0x000001a1f4e81920 ConcurrentGCThread "G1 Refine#1" [stack: 0x0000007028600000,0x0000007028700000] [id=20164]
  0x000001a1a7b61730 ConcurrentGCThread "G1 Service" [stack: 0x0000007026400000,0x0000007026500000] [id=36296]

Threads with active compile tasks:
C2 CompilerThread0  9092 15596       4       org.jetbrains.kotlin.codegen.optimization.common.FastAnalyzer::analyzeInstruction (291 bytes)
C1 CompilerThread0  9092 15837       2       java.util.LinkedList::unlinkLast (64 bytes)
C1 CompilerThread1  9092 15835       2       org.jetbrains.kotlin.backend.jvm.mapping.IrTypeCheckerContextForTypeMapping::representativeUpperBound (46 bytes)
C1 CompilerThread2  9092 15834       2       org.jetbrains.kotlin.backend.jvm.mapping.IrTypeCheckerContextForTypeMapping::asTypeParameter (39 bytes)
C1 CompilerThread3  9092 15833       2       org.jetbrains.org.objectweb.asm.AnnotationWriter::visit (959 bytes)
C2 CompilerThread1  9092 15786       4       org.jetbrains.org.objectweb.asm.tree.analysis.SourceInterpreter::merge (152 bytes)
C2 CompilerThread2  9092 15646       4       org.jetbrains.kotlin.codegen.optimization.common.FastAnalyzer::processControlFlowEdge$default (37 bytes)
C2 CompilerThread3  9092 15543   !   4       org.jetbrains.kotlin.codegen.optimization.common.FastAnalyzer::analyzeMainLoop (350 bytes)

VM state: at safepoint (normal execution)

VM Mutex/Monitor currently owned by a thread:  ([mutex/lock_event])
[0x000001a1826c4250] Threads_lock - owner thread: 0x000001a1e9008880
[0x000001a1826c4be0] Heap_lock - owner thread: 0x000001a1826c89f0

Heap address: 0x0000000704800000, size: 4024 MB, Compressed Oops mode: Zero based, Oop shift amount: 3

CDS archive(s) mapped at: [0x000001a1a8000000-0x000001a1a8bb0000-0x000001a1a8bb0000), size 12255232, SharedBaseAddress: 0x000001a1a8000000, ArchiveRelocationMode: 1.
Compressed class space mapped at: 0x000001a1a9000000-0x000001a1e9000000, reserved size: 1073741824
Narrow klass base: 0x000001a1a8000000, Narrow klass shift: 0, Narrow klass range: 0x100000000

GC Precious Log:
 CPUs: 16 total, 16 available
 Memory: 16088M
 Large Page Support: Disabled
 NUMA Support: Disabled
 Compressed Oops: Enabled (Zero based)
 Heap Region Size: 2M
 Heap Min Capacity: 8M
 Heap Initial Capacity: 252M
 Heap Max Capacity: 4024M
 Pre-touch: Disabled
 Parallel Workers: 13
 Concurrent Workers: 3
 Concurrent Refinement Workers: 13
 Periodic GC: Disabled

Heap:
 garbage-first heap   total 262144K, used 118176K [0x0000000704800000, 0x0000000800000000)
  region size 2048K, 1 young (2048K), 1 survivors (2048K)
 Metaspace       used 79008K, committed 79424K, reserved 1179648K
  class space    used 8110K, committed 8320K, reserved 1048576K

Heap Regions: E=young(eden), S=young(survivor), O=old, HS=humongous(starts), HC=humongous(continues), CS=collection set, F=free, OA=open archive, CA=closed archive, TAMS=top-at-mark-start (previous, next)
|   0|0x0000000704800000, 0x0000000704a00000, 0x0000000704a00000|100%|HS|  |TAMS 0x0000000704a00000, 0x0000000704800000| Complete 
|   1|0x0000000704a00000, 0x0000000704c00000, 0x0000000704c00000|100%|HC|  |TAMS 0x0000000704c00000, 0x0000000704a00000| Complete 
|   2|0x0000000704c00000, 0x0000000704e00000, 0x0000000704e00000|100%| O|  |TAMS 0x0000000704e00000, 0x0000000704c00000| Untracked 
|   3|0x0000000704e00000, 0x0000000705000000, 0x0000000705000000|100%| O|  |TAMS 0x0000000705000000, 0x0000000704e00000| Untracked 
|   4|0x0000000705000000, 0x0000000705200000, 0x0000000705200000|100%| O|  |TAMS 0x0000000705200000, 0x0000000705000000| Untracked 
|   5|0x0000000705200000, 0x0000000705400000, 0x0000000705400000|100%| O|  |TAMS 0x0000000705400000, 0x0000000705200000| Untracked 
|   6|0x0000000705400000, 0x0000000705600000, 0x0000000705600000|100%| O|  |TAMS 0x0000000705600000, 0x0000000705400000| Untracked 
|   7|0x0000000705600000, 0x0000000705800000, 0x0000000705800000|100%| O|  |TAMS 0x0000000705800000, 0x0000000705600000| Untracked 
|   8|0x0000000705800000, 0x0000000705a00000, 0x0000000705a00000|100%| O|  |TAMS 0x0000000705a00000, 0x0000000705800000| Untracked 
|   9|0x0000000705a00000, 0x0000000705c00000, 0x0000000705c00000|100%| O|  |TAMS 0x0000000705c00000, 0x0000000705a00000| Untracked 
|  10|0x0000000705c00000, 0x0000000705e00000, 0x0000000705e00000|100%| O|  |TAMS 0x0000000705e00000, 0x0000000705c00000| Untracked 
|  11|0x0000000705e00000, 0x0000000706000000, 0x0000000706000000|100%| O|  |TAMS 0x0000000706000000, 0x0000000705e00000| Untracked 
|  12|0x0000000706000000, 0x0000000706200000, 0x0000000706200000|100%| O|  |TAMS 0x0000000706200000, 0x0000000706000000| Untracked 
|  13|0x0000000706200000, 0x0000000706400000, 0x0000000706400000|100%| O|  |TAMS 0x0000000706400000, 0x0000000706200000| Untracked 
|  14|0x0000000706400000, 0x0000000706600000, 0x0000000706600000|100%| O|  |TAMS 0x0000000706600000, 0x0000000706400000| Untracked 
|  15|0x0000000706600000, 0x0000000706800000, 0x0000000706800000|100%| O|  |TAMS 0x0000000706800000, 0x0000000706600000| Untracked 
|  16|0x0000000706800000, 0x0000000706a00000, 0x0000000706a00000|100%| O|  |TAMS 0x0000000706a00000, 0x0000000706800000| Untracked 
|  17|0x0000000706a00000, 0x0000000706c00000, 0x0000000706c00000|100%| O|  |TAMS 0x0000000706c00000, 0x0000000706a00000| Untracked 
|  18|0x0000000706c00000, 0x0000000706e00000, 0x0000000706e00000|100%| O|  |TAMS 0x0000000706e00000, 0x0000000706c00000| Untracked 
|  19|0x0000000706e00000, 0x0000000707000000, 0x0000000707000000|100%| O|  |TAMS 0x0000000707000000, 0x0000000706e00000| Untracked 
|  20|0x0000000707000000, 0x0000000707200000, 0x0000000707200000|100%| O|  |TAMS 0x0000000707200000, 0x0000000707000000| Untracked 
|  21|0x0000000707200000, 0x0000000707400000, 0x0000000707400000|100%| O|  |TAMS 0x0000000707400000, 0x0000000707200000| Untracked 
|  22|0x0000000707400000, 0x0000000707600000, 0x0000000707600000|100%| O|  |TAMS 0x0000000707600000, 0x0000000707400000| Untracked 
|  23|0x0000000707600000, 0x0000000707800000, 0x0000000707800000|100%| O|  |TAMS 0x0000000707800000, 0x0000000707600000| Untracked 
|  24|0x0000000707800000, 0x0000000707a00000, 0x0000000707a00000|100%| O|  |TAMS 0x0000000707a00000, 0x0000000707800000| Untracked 
|  25|0x0000000707a00000, 0x0000000707c00000, 0x0000000707c00000|100%| O|  |TAMS 0x0000000707c00000, 0x0000000707a00000| Untracked 
|  26|0x0000000707c00000, 0x0000000707e00000, 0x0000000707e00000|100%| O|  |TAMS 0x0000000707e00000, 0x0000000707c00000| Untracked 
|  27|0x0000000707e00000, 0x0000000708000000, 0x0000000708000000|100%| O|  |TAMS 0x0000000708000000, 0x0000000707e00000| Untracked 
|  28|0x0000000708000000, 0x0000000708200000, 0x0000000708200000|100%| O|  |TAMS 0x0000000708200000, 0x0000000708000000| Untracked 
|  29|0x0000000708200000, 0x0000000708400000, 0x0000000708400000|100%| O|  |TAMS 0x0000000708400000, 0x0000000708200000| Untracked 
|  30|0x0000000708400000, 0x0000000708600000, 0x0000000708600000|100%| O|  |TAMS 0x0000000708600000, 0x0000000708400000| Untracked 
|  31|0x0000000708600000, 0x0000000708800000, 0x0000000708800000|100%| O|  |TAMS 0x0000000708800000, 0x0000000708600000| Untracked 
|  32|0x0000000708800000, 0x0000000708a00000, 0x0000000708a00000|100%| O|  |TAMS 0x0000000708a00000, 0x0000000708800000| Untracked 
|  33|0x0000000708a00000, 0x0000000708c00000, 0x0000000708c00000|100%| O|  |TAMS 0x0000000708c00000, 0x0000000708a00000| Untracked 
|  34|0x0000000708c00000, 0x0000000708e00000, 0x0000000708e00000|100%| O|  |TAMS 0x0000000708e00000, 0x0000000708c00000| Untracked 
|  35|0x0000000708e00000, 0x0000000709000000, 0x0000000709000000|100%| O|  |TAMS 0x0000000709000000, 0x0000000708e00000| Untracked 
|  36|0x0000000709000000, 0x0000000709200000, 0x0000000709200000|100%| O|  |TAMS 0x0000000709200000, 0x0000000709000000| Untracked 
|  37|0x0000000709200000, 0x0000000709200000, 0x0000000709400000|  0%| F|  |TAMS 0x0000000709200000, 0x0000000709200000| Untracked 
|  38|0x0000000709400000, 0x0000000709600000, 0x0000000709600000|100%| O|  |TAMS 0x0000000709600000, 0x0000000709400000| Untracked 
|  39|0x0000000709600000, 0x0000000709800000, 0x0000000709800000|100%| O|  |TAMS 0x0000000709800000, 0x0000000709600000| Untracked 
|  40|0x0000000709800000, 0x0000000709a00000, 0x0000000709a00000|100%| O|  |TAMS 0x0000000709a00000, 0x0000000709800000| Untracked 
|  41|0x0000000709a00000, 0x0000000709c00000, 0x0000000709c00000|100%| O|  |TAMS 0x0000000709c00000, 0x0000000709a00000| Untracked 
|  42|0x0000000709c00000, 0x0000000709e00000, 0x0000000709e00000|100%| O|  |TAMS 0x0000000709e00000, 0x0000000709c00000| Untracked 
|  43|0x0000000709e00000, 0x000000070a000000, 0x000000070a000000|100%| O|  |TAMS 0x000000070a000000, 0x0000000709e00000| Untracked 
|  44|0x000000070a000000, 0x000000070a200000, 0x000000070a200000|100%| O|  |TAMS 0x000000070a200000, 0x000000070a000000| Untracked 
|  45|0x000000070a200000, 0x000000070a400000, 0x000000070a400000|100%| O|  |TAMS 0x000000070a400000, 0x000000070a200000| Untracked 
|  46|0x000000070a400000, 0x000000070a600000, 0x000000070a600000|100%| O|  |TAMS 0x000000070a54c000, 0x000000070a400000| Untracked 
|  47|0x000000070a600000, 0x000000070a800000, 0x000000070a800000|100%| O|  |TAMS 0x000000070a600000, 0x000000070a600000| Untracked 
|  48|0x000000070a800000, 0x000000070aa00000, 0x000000070aa00000|100%| O|  |TAMS 0x000000070a800000, 0x000000070a800000| Untracked 
|  49|0x000000070aa00000, 0x000000070ac00000, 0x000000070ac00000|100%| O|  |TAMS 0x000000070aa00000, 0x000000070aa00000| Untracked 
|  50|0x000000070ac00000, 0x000000070ae00000, 0x000000070ae00000|100%| O|  |TAMS 0x000000070ac00000, 0x000000070ac00000| Untracked 
|  51|0x000000070ae00000, 0x000000070b000000, 0x000000070b000000|100%| O|  |TAMS 0x000000070ae00000, 0x000000070ae00000| Untracked 
|  52|0x000000070b000000, 0x000000070b200000, 0x000000070b200000|100%| O|  |TAMS 0x000000070b000000, 0x000000070b000000| Untracked 
|  53|0x000000070b200000, 0x000000070b400000, 0x000000070b400000|100%| O|  |TAMS 0x000000070b200000, 0x000000070b200000| Untracked 
|  54|0x000000070b400000, 0x000000070b600000, 0x000000070b600000|100%| O|  |TAMS 0x000000070b400000, 0x000000070b400000| Untracked 
|  55|0x000000070b600000, 0x000000070b800000, 0x000000070b800000|100%| O|  |TAMS 0x000000070b600000, 0x000000070b600000| Untracked 
|  56|0x000000070b800000, 0x000000070b86c800, 0x000000070ba00000| 21%| O|  |TAMS 0x000000070b800000, 0x000000070b800000| Untracked 
|  57|0x000000070ba00000, 0x000000070ba00000, 0x000000070bc00000|  0%| F|  |TAMS 0x000000070ba00000, 0x000000070ba00000| Untracked 
|  58|0x000000070bc00000, 0x000000070bc00000, 0x000000070be00000|  0%| F|  |TAMS 0x000000070bc00000, 0x000000070bc00000| Untracked 
|  59|0x000000070be00000, 0x000000070be00000, 0x000000070c000000|  0%| F|  |TAMS 0x000000070be00000, 0x000000070be00000| Untracked 
|  60|0x000000070c000000, 0x000000070c000000, 0x000000070c200000|  0%| F|  |TAMS 0x000000070c000000, 0x000000070c000000| Untracked 
|  61|0x000000070c200000, 0x000000070c200000, 0x000000070c400000|  0%| F|  |TAMS 0x000000070c200000, 0x000000070c200000| Untracked 
|  62|0x000000070c400000, 0x000000070c400000, 0x000000070c600000|  0%| F|  |TAMS 0x000000070c400000, 0x000000070c400000| Untracked 
|  63|0x000000070c600000, 0x000000070c600000, 0x000000070c800000|  0%| F|  |TAMS 0x000000070c600000, 0x000000070c600000| Untracked 
|  64|0x000000070c800000, 0x000000070c800000, 0x000000070ca00000|  0%| F|  |TAMS 0x000000070c800000, 0x000000070c800000| Untracked 
|  65|0x000000070ca00000, 0x000000070ca00000, 0x000000070cc00000|  0%| F|  |TAMS 0x000000070ca00000, 0x000000070ca00000| Untracked 
|  66|0x000000070cc00000, 0x000000070cc00000, 0x000000070ce00000|  0%| F|  |TAMS 0x000000070cc00000, 0x000000070cc00000| Untracked 
|  67|0x000000070ce00000, 0x000000070ce00000, 0x000000070d000000|  0%| F|  |TAMS 0x000000070ce00000, 0x000000070ce00000| Untracked 
|  68|0x000000070d000000, 0x000000070d000000, 0x000000070d200000|  0%| F|  |TAMS 0x000000070d000000, 0x000000070d000000| Untracked 
|  69|0x000000070d200000, 0x000000070d200000, 0x000000070d400000|  0%| F|  |TAMS 0x000000070d200000, 0x000000070d200000| Untracked 
|  70|0x000000070d400000, 0x000000070d400000, 0x000000070d600000|  0%| F|  |TAMS 0x000000070d400000, 0x000000070d400000| Untracked 
|  71|0x000000070d600000, 0x000000070d600000, 0x000000070d800000|  0%| F|  |TAMS 0x000000070d600000, 0x000000070d600000| Untracked 
|  72|0x000000070d800000, 0x000000070d800000, 0x000000070da00000|  0%| F|  |TAMS 0x000000070d800000, 0x000000070d800000| Untracked 
|  73|0x000000070da00000, 0x000000070da00000, 0x000000070dc00000|  0%| F|  |TAMS 0x000000070da00000, 0x000000070da00000| Untracked 
|  74|0x000000070dc00000, 0x000000070dc00000, 0x000000070de00000|  0%| F|  |TAMS 0x000000070dc00000, 0x000000070dc00000| Untracked 
|  75|0x000000070de00000, 0x000000070de00000, 0x000000070e000000|  0%| F|  |TAMS 0x000000070de00000, 0x000000070de00000| Untracked 
|  76|0x000000070e000000, 0x000000070e000000, 0x000000070e200000|  0%| F|  |TAMS 0x000000070e000000, 0x000000070e000000| Untracked 
|  77|0x000000070e200000, 0x000000070e200000, 0x000000070e400000|  0%| F|  |TAMS 0x000000070e200000, 0x000000070e200000| Untracked 
|  78|0x000000070e400000, 0x000000070e400000, 0x000000070e600000|  0%| F|  |TAMS 0x000000070e400000, 0x000000070e400000| Untracked 
|  79|0x000000070e600000, 0x000000070e600000, 0x000000070e800000|  0%| F|  |TAMS 0x000000070e600000, 0x000000070e600000| Untracked 
|  80|0x000000070e800000, 0x000000070e800000, 0x000000070ea00000|  0%| F|  |TAMS 0x000000070e800000, 0x000000070e800000| Untracked 
|  81|0x000000070ea00000, 0x000000070ea00000, 0x000000070ec00000|  0%| F|  |TAMS 0x000000070ea00000, 0x000000070ea00000| Untracked 
|  82|0x000000070ec00000, 0x000000070ec00000, 0x000000070ee00000|  0%| F|  |TAMS 0x000000070ec00000, 0x000000070ec00000| Untracked 
|  83|0x000000070ee00000, 0x000000070ee00000, 0x000000070f000000|  0%| F|  |TAMS 0x000000070ee00000, 0x000000070ee00000| Untracked 
|  84|0x000000070f000000, 0x000000070f000000, 0x000000070f200000|  0%| F|  |TAMS 0x000000070f000000, 0x000000070f000000| Untracked 
|  85|0x000000070f200000, 0x000000070f200000, 0x000000070f400000|  0%| F|  |TAMS 0x000000070f200000, 0x000000070f200000| Untracked 
|  86|0x000000070f400000, 0x000000070f400000, 0x000000070f600000|  0%| F|  |TAMS 0x000000070f400000, 0x000000070f400000| Untracked 
|  87|0x000000070f600000, 0x000000070f600000, 0x000000070f800000|  0%| F|  |TAMS 0x000000070f600000, 0x000000070f600000| Untracked 
|  88|0x000000070f800000, 0x000000070f800000, 0x000000070fa00000|  0%| F|  |TAMS 0x000000070f800000, 0x000000070f800000| Untracked 
|  89|0x000000070fa00000, 0x000000070fa00000, 0x000000070fc00000|  0%| F|  |TAMS 0x000000070fa00000, 0x000000070fa00000| Untracked 
|  90|0x000000070fc00000, 0x000000070fc00000, 0x000000070fe00000|  0%| F|  |TAMS 0x000000070fc00000, 0x000000070fc00000| Untracked 
|  91|0x000000070fe00000, 0x000000070fe00000, 0x0000000710000000|  0%| F|  |TAMS 0x000000070fe00000, 0x000000070fe00000| Untracked 
|  92|0x0000000710000000, 0x0000000710000000, 0x0000000710200000|  0%| F|  |TAMS 0x0000000710000000, 0x0000000710000000| Untracked 
|  93|0x0000000710200000, 0x0000000710200000, 0x0000000710400000|  0%| F|  |TAMS 0x0000000710200000, 0x0000000710200000| Untracked 
|  94|0x0000000710400000, 0x0000000710400000, 0x0000000710600000|  0%| F|  |TAMS 0x0000000710400000, 0x0000000710400000| Untracked 
|  95|0x0000000710600000, 0x0000000710600000, 0x0000000710800000|  0%| F|  |TAMS 0x0000000710600000, 0x0000000710600000| Untracked 
|  96|0x0000000710800000, 0x0000000710800000, 0x0000000710a00000|  0%| F|  |TAMS 0x0000000710800000, 0x0000000710800000| Untracked 
|  97|0x0000000710a00000, 0x0000000710a00000, 0x0000000710c00000|  0%| F|  |TAMS 0x0000000710a00000, 0x0000000710a00000| Untracked 
|  98|0x0000000710c00000, 0x0000000710c00000, 0x0000000710e00000|  0%| F|  |TAMS 0x0000000710c00000, 0x0000000710c00000| Untracked 
|  99|0x0000000710e00000, 0x0000000710e00000, 0x0000000711000000|  0%| F|  |TAMS 0x0000000710e00000, 0x0000000710e00000| Untracked 
| 100|0x0000000711000000, 0x0000000711000000, 0x0000000711200000|  0%| F|  |TAMS 0x0000000711000000, 0x0000000711000000| Untracked 
| 101|0x0000000711200000, 0x0000000711200000, 0x0000000711400000|  0%| F|  |TAMS 0x0000000711200000, 0x0000000711200000| Untracked 
| 102|0x0000000711400000, 0x0000000711400000, 0x0000000711600000|  0%| F|  |TAMS 0x0000000711400000, 0x0000000711400000| Untracked 
| 103|0x0000000711600000, 0x0000000711600000, 0x0000000711800000|  0%| F|  |TAMS 0x0000000711600000, 0x0000000711600000| Untracked 
| 104|0x0000000711800000, 0x0000000711800000, 0x0000000711a00000|  0%| F|  |TAMS 0x0000000711800000, 0x0000000711800000| Untracked 
| 105|0x0000000711a00000, 0x0000000711a00000, 0x0000000711c00000|  0%| F|  |TAMS 0x0000000711a00000, 0x0000000711a00000| Untracked 
| 106|0x0000000711c00000, 0x0000000711cfb9e0, 0x0000000711e00000| 49%| S|CS|TAMS 0x0000000711c00000, 0x0000000711c00000| Complete 
| 107|0x0000000711e00000, 0x0000000711e00000, 0x0000000712000000|  0%| F|  |TAMS 0x0000000711e00000, 0x0000000711e00000| Untracked 
| 108|0x0000000712000000, 0x0000000712000000, 0x0000000712200000|  0%| F|  |TAMS 0x0000000712000000, 0x0000000712000000| Untracked 
| 109|0x0000000712200000, 0x0000000712200000, 0x0000000712400000|  0%| F|  |TAMS 0x0000000712200000, 0x0000000712200000| Untracked 
| 110|0x0000000712400000, 0x0000000712400000, 0x0000000712600000|  0%| F|  |TAMS 0x0000000712400000, 0x0000000712400000| Untracked 
| 111|0x0000000712600000, 0x0000000712600000, 0x0000000712800000|  0%| F|  |TAMS 0x0000000712600000, 0x0000000712600000| Untracked 
| 112|0x0000000712800000, 0x0000000712800000, 0x0000000712a00000|  0%| F|  |TAMS 0x0000000712800000, 0x0000000712800000| Untracked 
| 113|0x0000000712a00000, 0x0000000712a00000, 0x0000000712c00000|  0%| F|  |TAMS 0x0000000712a00000, 0x0000000712a00000| Untracked 
| 114|0x0000000712c00000, 0x0000000712c00000, 0x0000000712e00000|  0%| F|  |TAMS 0x0000000712c00000, 0x0000000712c00000| Untracked 
| 115|0x0000000712e00000, 0x0000000712e00000, 0x0000000713000000|  0%| F|  |TAMS 0x0000000712e00000, 0x0000000712e00000| Untracked 
| 116|0x0000000713000000, 0x0000000713000000, 0x0000000713200000|  0%| F|  |TAMS 0x0000000713000000, 0x0000000713000000| Untracked 
| 117|0x0000000713200000, 0x0000000713200000, 0x0000000713400000|  0%| F|  |TAMS 0x0000000713200000, 0x0000000713200000| Untracked 
| 118|0x0000000713400000, 0x0000000713400000, 0x0000000713600000|  0%| F|  |TAMS 0x0000000713400000, 0x0000000713400000| Untracked 
| 119|0x0000000713600000, 0x0000000713600000, 0x0000000713800000|  0%| F|  |TAMS 0x0000000713600000, 0x0000000713600000| Untracked 
| 120|0x0000000713800000, 0x0000000713800000, 0x0000000713a00000|  0%| F|  |TAMS 0x0000000713800000, 0x0000000713800000| Untracked 
| 121|0x0000000713a00000, 0x0000000713a00000, 0x0000000713c00000|  0%| F|  |TAMS 0x0000000713a00000, 0x0000000713a00000| Untracked 
| 122|0x0000000713c00000, 0x0000000713c00000, 0x0000000713e00000|  0%| F|  |TAMS 0x0000000713c00000, 0x0000000713c00000| Untracked 
| 123|0x0000000713e00000, 0x0000000713e00000, 0x0000000714000000|  0%| F|  |TAMS 0x0000000713e00000, 0x0000000713e00000| Untracked 
| 124|0x0000000714000000, 0x0000000714000000, 0x0000000714200000|  0%| F|  |TAMS 0x0000000714000000, 0x0000000714000000| Untracked 
| 125|0x0000000714200000, 0x0000000714200000, 0x0000000714400000|  0%| F|  |TAMS 0x0000000714200000, 0x0000000714200000| Untracked 
|2010|0x00000007ffc00000, 0x00000007ffe00000, 0x00000007ffe00000|100%| O|  |TAMS 0x00000007ffe00000, 0x00000007ffc00000| Untracked 
|2011|0x00000007ffe00000, 0x0000000800000000, 0x0000000800000000|100%| O|  |TAMS 0x0000000800000000, 0x00000007ffe00000| Untracked 

Card table byte_map: [0x000001a19c0a0000,0x000001a19c880000] _byte_map_base: 0x000001a19887c000

Marking Bits (Prev, Next): (CMBitMap*) 0x000001a182736e40, (CMBitMap*) 0x000001a182736e80
 Prev Bits: [0x000001a19d060000, 0x000001a1a0f40000)
 Next Bits: [0x000001a1a0f40000, 0x000001a1a4e20000)

Polling page: 0x000001a182410000

Metaspace:

Usage:
  Non-class:     69.24 MB used.
      Class:      7.92 MB used.
       Both:     77.16 MB used.

Virtual space:
  Non-class space:      128.00 MB reserved,      69.44 MB ( 54%) committed,  2 nodes.
      Class space:        1.00 GB reserved,       8.12 MB ( <1%) committed,  1 nodes.
             Both:        1.12 GB reserved,      77.56 MB (  7%) committed. 

Chunk freelists:
   Non-Class:  9.95 MB
       Class:  7.86 MB
        Both:  17.81 MB

MaxMetaspaceSize: unlimited
CompressedClassSpaceSize: 1.00 GB
Initial GC threshold: 21.00 MB
Current GC threshold: 126.19 MB
CDS: on
MetaspaceReclaimPolicy: balanced
 - commit_granule_bytes: 65536.
 - commit_granule_words: 8192.
 - virtual_space_node_default_size: 8388608.
 - enlarge_chunks_in_place: 1.
 - new_chunks_are_fully_committed: 0.
 - uncommit_free_chunks: 1.
 - use_allocation_guard: 0.
 - handle_deallocations: 1.


Internal statistics:

num_allocs_failed_limit: 9.
num_arena_births: 404.
num_arena_deaths: 0.
num_vsnodes_births: 3.
num_vsnodes_deaths: 0.
num_space_committed: 1239.
num_space_uncommitted: 0.
num_chunks_returned_to_freelist: 9.
num_chunks_taken_from_freelist: 3141.
num_chunk_merges: 9.
num_chunk_splits: 2599.
num_chunks_enlarged: 2335.
num_inconsistent_stats: 0.

CodeHeap 'non-profiled nmethods': size=119168Kb used=6881Kb max_used=6881Kb free=112287Kb
 bounds [0x000001a1934a0000, 0x000001a193b80000, 0x000001a19a900000]
CodeHeap 'profiled nmethods': size=119104Kb used=51926Kb max_used=52130Kb free=67178Kb
 bounds [0x000001a18b900000, 0x000001a18ec30000, 0x000001a192d50000]
CodeHeap 'non-nmethods': size=7488Kb used=3164Kb max_used=3227Kb free=4323Kb
 bounds [0x000001a192d50000, 0x000001a193080000, 0x000001a1934a0000]
 total_blobs=14703 nmethods=13892 adapters=715
 compilation: enabled
              stopped_count=0, restarted_count=0
 full_count=0

Compilation events (20 events):
Event: 8.020 Thread 0x000001a1e91f4ac0 15828       2       org.jetbrains.kotlin.codegen.inline.DefaultMethodUtilKt$$Lambda$1311/0x000001a1a9801ed8::invoke (20 bytes)
Event: 8.020 Thread 0x000001a1e910ea70 15829       2       org.jetbrains.kotlin.codegen.inline.DefaultMethodUtilKt::expandMaskConditionsAndUpdateVariableNodes$lambda$1 (290 bytes)
Event: 8.020 Thread 0x000001a1e91f4ac0 nmethod 15828 0x000001a18da25e90 code [0x000001a18da26040, 0x000001a18da261c8]
Event: 8.020 Thread 0x000001a1e910ea70 nmethod 15829 0x000001a18da10a90 code [0x000001a18da10dc0, 0x000001a18da11ab8]
Event: 8.021 Thread 0x000001a1e91f4ac0 15830       2       org.jetbrains.org.objectweb.asm.tree.InsnList::insert (58 bytes)
Event: 8.021 Thread 0x000001a1e91f4ac0 nmethod 15830 0x000001a18d9a9f90 code [0x000001a18d9aa140, 0x000001a18d9aa4b8]
Event: 8.022 Thread 0x000001a1e902bb40 15831       1       org.jetbrains.kotlin.backend.jvm.codegen.BlockInfo::getInfos (5 bytes)
Event: 8.022 Thread 0x000001a1e902bb40 nmethod 15831 0x000001a193ad9790 code [0x000001a193ad9920, 0x000001a193ad99f8]
Event: 8.023 Thread 0x000001a1ef9ad720 nmethod 15785 0x000001a193addd90 code [0x000001a193addfe0, 0x000001a193ade9f0]
Event: 8.023 Thread 0x000001a1ef9ad720 15786       4       org.jetbrains.org.objectweb.asm.tree.analysis.SourceInterpreter::merge (152 bytes)
Event: 8.026 Thread 0x000001a1e910ea70 15832       2       org.jetbrains.kotlin.backend.jvm.ir.JvmIrUtilsKt::suspendFunctionOriginal (41 bytes)
Event: 8.026 Thread 0x000001a1e910ea70 nmethod 15832 0x000001a18e34fe90 code [0x000001a18e350080, 0x000001a18e3503e8]
Event: 8.026 Thread 0x000001a1e96125b0 15833       2       org.jetbrains.org.objectweb.asm.AnnotationWriter::visit (959 bytes)
Event: 8.027 Thread 0x000001a1e91f4ac0 15834       2       org.jetbrains.kotlin.backend.jvm.mapping.IrTypeCheckerContextForTypeMapping::asTypeParameter (39 bytes)
Event: 8.027 Thread 0x000001a1e910ea70 15835       2       org.jetbrains.kotlin.backend.jvm.mapping.IrTypeCheckerContextForTypeMapping::representativeUpperBound (46 bytes)
Event: 8.027 Thread 0x000001a1e902bb40 15836       2       java.util.LinkedList::removeLast (23 bytes)
Event: 8.027 Thread 0x000001a1e902bb40 nmethod 15836 0x000001a18daf3790 code [0x000001a18daf3940, 0x000001a18daf3b38]
Event: 8.028 Thread 0x000001a1e902bb40 15837       2       java.util.LinkedList::unlinkLast (64 bytes)
Event: 8.028 Thread 0x000001a1e910ea70 nmethod 15835 0x000001a18d4a7010 code [0x000001a18d4a7220, 0x000001a18d4a7708]
Event: 8.028 Thread 0x000001a1e91f4ac0 nmethod 15834 0x000001a18e34f290 code [0x000001a18e34f4e0, 0x000001a18e34fb08]

GC Heap History (20 events):
Event: 2.409 GC heap after
{Heap after GC invocations=8 (full 0):
 garbage-first heap   total 90112K, used 30784K [0x0000000704800000, 0x0000000800000000)
  region size 2048K, 3 young (6144K), 3 survivors (6144K)
 Metaspace       used 39703K, committed 40000K, reserved 1114112K
  class space    used 4768K, committed 4928K, reserved 1048576K
}
Event: 2.413 GC heap before
{Heap before GC invocations=8 (full 0):
 garbage-first heap   total 90112K, used 30784K [0x0000000704800000, 0x0000000800000000)
  region size 2048K, 4 young (8192K), 3 survivors (6144K)
 Metaspace       used 39713K, committed 40000K, reserved 1114112K
  class space    used 4768K, committed 4928K, reserved 1048576K
}
Event: 2.424 GC heap after
{Heap after GC invocations=9 (full 0):
 garbage-first heap   total 90112K, used 33310K [0x0000000704800000, 0x0000000800000000)
  region size 2048K, 1 young (2048K), 1 survivors (2048K)
 Metaspace       used 39713K, committed 40000K, reserved 1114112K
  class space    used 4768K, committed 4928K, reserved 1048576K
}
Event: 2.490 GC heap before
{Heap before GC invocations=9 (full 0):
 garbage-first heap   total 90112K, used 61982K [0x0000000704800000, 0x0000000800000000)
  region size 2048K, 15 young (30720K), 1 survivors (2048K)
 Metaspace       used 40057K, committed 40320K, reserved 1114112K
  class space    used 4790K, committed 4928K, reserved 1048576K
}
Event: 2.508 GC heap after
{Heap after GC invocations=10 (full 0):
 garbage-first heap   total 221184K, used 42942K [0x0000000704800000, 0x0000000800000000)
  region size 2048K, 2 young (4096K), 2 survivors (4096K)
 Metaspace       used 40057K, committed 40320K, reserved 1114112K
  class space    used 4790K, committed 4928K, reserved 1048576K
}
Event: 3.635 GC heap before
{Heap before GC invocations=10 (full 0):
 garbage-first heap   total 221184K, used 143294K [0x0000000704800000, 0x0000000800000000)
  region size 2048K, 51 young (104448K), 2 survivors (4096K)
 Metaspace       used 46794K, committed 47104K, reserved 1114112K
  class space    used 5462K, committed 5632K, reserved 1048576K
}
Event: 3.644 GC heap after
{Heap after GC invocations=11 (full 0):
 garbage-first heap   total 221184K, used 62223K [0x0000000704800000, 0x0000000800000000)
  region size 2048K, 7 young (14336K), 7 survivors (14336K)
 Metaspace       used 46794K, committed 47104K, reserved 1114112K
  class space    used 5462K, committed 5632K, reserved 1048576K
}
Event: 4.327 GC heap before
{Heap before GC invocations=11 (full 0):
 garbage-first heap   total 221184K, used 137999K [0x0000000704800000, 0x0000000800000000)
  region size 2048K, 44 young (90112K), 7 survivors (14336K)
 Metaspace       used 50515K, committed 50816K, reserved 1114112K
  class space    used 5743K, committed 5888K, reserved 1048576K
}
Event: 4.339 GC heap after
{Heap after GC invocations=12 (full 0):
 garbage-first heap   total 221184K, used 78434K [0x0000000704800000, 0x0000000800000000)
  region size 2048K, 6 young (12288K), 6 survivors (12288K)
 Metaspace       used 50515K, committed 50816K, reserved 1114112K
  class space    used 5743K, committed 5888K, reserved 1048576K
}
Event: 5.020 GC heap before
{Heap before GC invocations=12 (full 0):
 garbage-first heap   total 221184K, used 148066K [0x0000000704800000, 0x0000000800000000)
  region size 2048K, 40 young (81920K), 6 survivors (12288K)
 Metaspace       used 56750K, committed 57024K, reserved 1114112K
  class space    used 6264K, committed 6400K, reserved 1048576K
}
Event: 5.031 GC heap after
{Heap after GC invocations=13 (full 0):
 garbage-first heap   total 221184K, used 92160K [0x0000000704800000, 0x0000000800000000)
  region size 2048K, 5 young (10240K), 5 survivors (10240K)
 Metaspace       used 56750K, committed 57024K, reserved 1114112K
  class space    used 6264K, committed 6400K, reserved 1048576K
}
Event: 5.451 GC heap before
{Heap before GC invocations=13 (full 0):
 garbage-first heap   total 221184K, used 126976K [0x0000000704800000, 0x0000000800000000)
  region size 2048K, 23 young (47104K), 5 survivors (10240K)
 Metaspace       used 59842K, committed 60096K, reserved 1114112K
  class space    used 6463K, committed 6592K, reserved 1048576K
}
Event: 5.459 GC heap after
{Heap after GC invocations=14 (full 0):
 garbage-first heap   total 221184K, used 99418K [0x0000000704800000, 0x0000000800000000)
  region size 2048K, 3 young (6144K), 3 survivors (6144K)
 Metaspace       used 59842K, committed 60096K, reserved 1114112K
  class space    used 6463K, committed 6592K, reserved 1048576K
}
Event: 6.319 GC heap before
{Heap before GC invocations=15 (full 0):
 garbage-first heap   total 221184K, used 162906K [0x0000000704800000, 0x0000000800000000)
  region size 2048K, 34 young (69632K), 3 survivors (6144K)
 Metaspace       used 66229K, committed 66624K, reserved 1114112K
  class space    used 7113K, committed 7296K, reserved 1048576K
}
Event: 6.327 GC heap after
{Heap after GC invocations=16 (full 0):
 garbage-first heap   total 221184K, used 109872K [0x0000000704800000, 0x0000000800000000)
  region size 2048K, 5 young (10240K), 5 survivors (10240K)
 Metaspace       used 66229K, committed 66624K, reserved 1114112K
  class space    used 7113K, committed 7296K, reserved 1048576K
}
Event: 7.455 GC heap before
{Heap before GC invocations=16 (full 0):
 garbage-first heap   total 221184K, used 167216K [0x0000000704800000, 0x0000000800000000)
  region size 2048K, 33 young (67584K), 5 survivors (10240K)
 Metaspace       used 76990K, committed 77440K, reserved 1179648K
  class space    used 7997K, committed 8192K, reserved 1048576K
}
Event: 7.463 GC heap after
{Heap after GC invocations=17 (full 0):
 garbage-first heap   total 221184K, used 115736K [0x0000000704800000, 0x0000000800000000)
  region size 2048K, 3 young (6144K), 3 survivors (6144K)
 Metaspace       used 76990K, committed 77440K, reserved 1179648K
  class space    used 7997K, committed 8192K, reserved 1048576K
}
Event: 7.996 GC heap before
{Heap before GC invocations=18 (full 0):
 garbage-first heap   total 221184K, used 168984K [0x0000000704800000, 0x0000000800000000)
  region size 2048K, 30 young (61440K), 3 survivors (6144K)
 Metaspace       used 78967K, committed 79424K, reserved 1179648K
  class space    used 8110K, committed 8320K, reserved 1048576K
}
Event: 8.001 GC heap after
{Heap after GC invocations=19 (full 0):
 garbage-first heap   total 221184K, used 119360K [0x0000000704800000, 0x0000000800000000)
  region size 2048K, 3 young (6144K), 3 survivors (6144K)
 Metaspace       used 78967K, committed 79424K, reserved 1179648K
  class space    used 8110K, committed 8320K, reserved 1048576K
}
Event: 8.028 GC heap before
{Heap before GC invocations=19 (full 0):
 garbage-first heap   total 221184K, used 123456K [0x0000000704800000, 0x0000000800000000)
  region size 2048K, 5 young (10240K), 3 survivors (6144K)
 Metaspace       used 79008K, committed 79424K, reserved 1179648K
  class space    used 8110K, committed 8320K, reserved 1048576K
}

Dll operation events (7 events):
Event: 0.005 Loaded shared library D:\jdk17\bin\java.dll
Event: 0.020 Loaded shared library D:\jdk17\bin\jsvml.dll
Event: 0.040 Loaded shared library D:\jdk17\bin\net.dll
Event: 0.041 Loaded shared library D:\jdk17\bin\nio.dll
Event: 0.061 Loaded shared library D:\jdk17\bin\zip.dll
Event: 0.081 Loaded shared library D:\jdk17\bin\jimage.dll
Event: 0.758 Loaded shared library D:\jdk17\bin\verify.dll

Deoptimization events (20 events):
Event: 7.930 Thread 0x000001a1826c89f0 DEOPT PACKING pc=0x000001a193b0f2a8 sp=0x0000007025ffd1f0
Event: 7.930 Thread 0x000001a1826c89f0 DEOPT UNPACKING pc=0x000001a192da69a3 sp=0x0000007025ffd138 mode 2
Event: 7.930 Thread 0x000001a1826c89f0 Uncommon trap: trap_request=0xffffff45 fr.pc=0x000001a193b10430 relative=0x0000000000000770
Event: 7.930 Thread 0x000001a1826c89f0 Uncommon trap: reason=unstable_if action=reinterpret pc=0x000001a193b10430 method=org.jetbrains.org.objectweb.asm.tree.analysis.SourceInterpreter.merge(Lorg/jetbrains/org/objectweb/asm/tree/analysis/SourceValue;Lorg/jetbrains/org/objectweb/asm/tree/analys
Event: 7.930 Thread 0x000001a1826c89f0 DEOPT PACKING pc=0x000001a193b10430 sp=0x0000007025ffd160
Event: 7.930 Thread 0x000001a1826c89f0 DEOPT UNPACKING pc=0x000001a192da69a3 sp=0x0000007025ffd130 mode 2
Event: 7.944 Thread 0x000001a1826c89f0 DEOPT PACKING pc=0x000001a18e7f3655 sp=0x0000007025ffd960
Event: 7.944 Thread 0x000001a1826c89f0 DEOPT UNPACKING pc=0x000001a192da7143 sp=0x0000007025ffce10 mode 0
Event: 7.953 Thread 0x000001a1826c89f0 DEOPT PACKING pc=0x000001a18e8ecd92 sp=0x0000007025ffd860
Event: 7.953 Thread 0x000001a1826c89f0 DEOPT UNPACKING pc=0x000001a192da7143 sp=0x0000007025ffcdd0 mode 0
Event: 7.977 Thread 0x000001a1826c89f0 DEOPT PACKING pc=0x000001a18e8ecd92 sp=0x0000007025ffd790
Event: 7.977 Thread 0x000001a1826c89f0 DEOPT UNPACKING pc=0x000001a192da7143 sp=0x0000007025ffcd00 mode 0
Event: 7.983 Thread 0x000001a1826c89f0 DEOPT PACKING pc=0x000001a18e8ecd92 sp=0x0000007025ffd630
Event: 7.983 Thread 0x000001a1826c89f0 DEOPT UNPACKING pc=0x000001a192da7143 sp=0x0000007025ffcba0 mode 0
Event: 7.984 Thread 0x000001a1826c89f0 DEOPT PACKING pc=0x000001a18e7f3655 sp=0x0000007025ffd960
Event: 7.984 Thread 0x000001a1826c89f0 DEOPT UNPACKING pc=0x000001a192da7143 sp=0x0000007025ffce10 mode 0
Event: 8.007 Thread 0x000001a1826c89f0 DEOPT PACKING pc=0x000001a18e8ecd92 sp=0x0000007025ffd6e0
Event: 8.007 Thread 0x000001a1826c89f0 DEOPT UNPACKING pc=0x000001a192da7143 sp=0x0000007025ffcc50 mode 0
Event: 8.026 Thread 0x000001a1826c89f0 DEOPT PACKING pc=0x000001a18e7f3655 sp=0x0000007025ffb9e0
Event: 8.026 Thread 0x000001a1826c89f0 DEOPT UNPACKING pc=0x000001a192da7143 sp=0x0000007025ffae90 mode 0

Classes loaded (20 events):
Event: 6.741 Loading class java/lang/constant/DirectMethodHandleDesc done
Event: 6.741 Loading class java/lang/constant/DirectMethodHandleDescImpl done
Event: 6.741 Loading class java/lang/constant/DirectMethodHandleDescImpl$1
Event: 6.741 Loading class java/lang/constant/DirectMethodHandleDescImpl$1 done
Event: 6.741 Loading class java/lang/constant/DirectMethodHandleDesc$1
Event: 6.741 Loading class java/lang/constant/DirectMethodHandleDesc$1 done
Event: 6.741 Loading class java/lang/constant/PrimitiveClassDescImpl
Event: 6.741 Loading class java/lang/constant/DynamicConstantDesc
Event: 6.741 Loading class java/lang/constant/DynamicConstantDesc done
Event: 6.741 Loading class java/lang/constant/PrimitiveClassDescImpl done
Event: 6.741 Loading class java/lang/constant/DynamicConstantDesc$AnonymousDynamicConstantDesc
Event: 6.741 Loading class java/lang/constant/DynamicConstantDesc$AnonymousDynamicConstantDesc done
Event: 6.742 Loading class java/util/Base64
Event: 6.742 Loading class java/util/Base64 done
Event: 6.742 Loading class java/util/Base64$Encoder
Event: 6.742 Loading class java/util/Base64$Encoder done
Event: 7.176 Loading class java/lang/TypeNotPresentException
Event: 7.176 Loading class java/lang/TypeNotPresentException done
Event: 7.292 Loading class java/util/Vector$Itr
Event: 7.292 Loading class java/util/Vector$Itr done

Classes unloaded (0 events):
No events

Classes redefined (0 events):
No events

Internal exceptions (20 events):
Event: 6.021 Thread 0x000001a1826c89f0 Exception <a 'java/lang/NoSuchMethodError'{0x000000070e93e4a8}: 'java.lang.Object java.lang.invoke.DirectMethodHandle$Holder.invokeStatic(java.lang.Object, java.lang.Object, java.lang.Object, java.lang.Object, java.lang.Object, int, java.lang.Object, java.lang.Object)'> (0x000000070e93e4a8) 
thrown [s\src\hotspot\share\interpreter\linkResolver.cpp, line 759]
Event: 6.261 Thread 0x000001a1826c89f0 Exception <a 'java/lang/NoSuchMethodError'{0x000000070dae9888}: 'java.lang.Object java.lang.invoke.DirectMethodHandle$Holder.newInvokeSpecial(java.lang.Object, int, java.lang.Object, int)'> (0x000000070dae9888) 
thrown [s\src\hotspot\share\interpreter\linkResolver.cpp, line 759]
Event: 6.261 Thread 0x000001a1826c89f0 Exception <a 'java/lang/NoSuchMethodError'{0x000000070daed900}: 'java.lang.Object java.lang.invoke.DirectMethodHandle$Holder.invokeSpecial(java.lang.Object, java.lang.Object, int, java.lang.Object, int)'> (0x000000070daed900) 
thrown [s\src\hotspot\share\interpreter\linkResolver.cpp, line 759]
Event: 6.721 Thread 0x000001a1826c89f0 Exception <a 'java/lang/NoSuchMethodError'{0x0000000710808c30}: 'java.lang.Object java.lang.invoke.DirectMethodHandle$Holder.invokeStatic(java.lang.Object, java.lang.Object, java.lang.Object, java.lang.Object, int, java.lang.Object)'> (0x0000000710808c30) 
thrown [s\src\hotspot\share\interpreter\linkResolver.cpp, line 759]
Event: 6.874 Thread 0x000001a1826c89f0 Exception <a 'java/lang/NoSuchMethodError'{0x000000071059b0d8}: 'java.lang.Object java.lang.invoke.DirectMethodHandle$Holder.newInvokeSpecial(java.lang.Object, java.lang.Object, int, java.lang.Object)'> (0x000000071059b0d8) 
thrown [s\src\hotspot\share\interpreter\linkResolver.cpp, line 759]
Event: 6.874 Thread 0x000001a1826c89f0 Exception <a 'java/lang/NoSuchMethodError'{0x000000071059f3b0}: 'java.lang.Object java.lang.invoke.DirectMethodHandle$Holder.invokeSpecial(java.lang.Object, java.lang.Object, java.lang.Object, int, java.lang.Object)'> (0x000000071059f3b0) 
thrown [s\src\hotspot\share\interpreter\linkResolver.cpp, line 759]
Event: 6.874 Thread 0x000001a1826c89f0 Exception <a 'java/lang/NoSuchMethodError'{0x00000007105a2fe8}: 'java.lang.Object java.lang.invoke.Invokers$Holder.linkToTargetMethod(java.lang.Object, int, java.lang.Object, java.lang.Object)'> (0x00000007105a2fe8) 
thrown [s\src\hotspot\share\interpreter\linkResolver.cpp, line 759]
Event: 6.905 Thread 0x000001a1826c89f0 Implicit null exception at 0x000001a193930c52 to 0x000001a193930d45
Event: 7.227 Thread 0x000001a1826c89f0 Exception <a 'java/lang/NoSuchMethodError'{0x000000070f2392a0}: 'java.lang.Object java.lang.invoke.DirectMethodHandle$Holder.invokeStatic(java.lang.Object, int, int)'> (0x000000070f2392a0) 
thrown [s\src\hotspot\share\interpreter\linkResolver.cpp, line 759]
Event: 7.278 Thread 0x000001a1826c89f0 Exception <a 'java/lang/NoSuchMethodError'{0x000000070f1b8558}: 'java.lang.Object java.lang.invoke.DirectMethodHandle$Holder.newInvokeSpecial(java.lang.Object, java.lang.Object, java.lang.Object, java.lang.Object, java.lang.Object, int, java.lang.Object)'> (0x000000070f1b8558) 
thrown [s\src\hotspot\share\interpreter\linkResolver.cpp, line 759]
Event: 7.278 Thread 0x000001a1826c89f0 Exception <a 'java/lang/NoSuchMethodError'{0x000000070f1bd1b0}: 'java.lang.Object java.lang.invoke.DirectMethodHandle$Holder.invokeSpecial(java.lang.Object, java.lang.Object, java.lang.Object, java.lang.Object, java.lang.Object, java.lang.Object, int, java.lang.Object)'> (0x000000070f1bd1b0) 
thrown [s\src\hotspot\share\interpreter\linkResolver.cpp, line 759]
Event: 7.278 Thread 0x000001a1826c89f0 Exception <a 'java/lang/NoSuchMethodError'{0x000000070f1c13a0}: 'java.lang.Object java.lang.invoke.Invokers$Holder.linkToTargetMethod(java.lang.Object, java.lang.Object, java.lang.Object, java.lang.Object, int, java.lang.Object, java.lang.Object)'> (0x000000070f1c13a0) 
thrown [s\src\hotspot\share\interpreter\linkResolver.cpp, line 759]
Event: 7.321 Thread 0x000001a1826c89f0 Exception <a 'java/lang/NoSuchMethodError'{0x000000070eca83d0}: 'java.lang.Object java.lang.invoke.DirectMethodHandle$Holder.newInvokeSpecial(java.lang.Object, java.lang.Object, java.lang.Object, java.lang.Object, int, java.lang.Object)'> (0x000000070eca83d0) 
thrown [s\src\hotspot\share\interpreter\linkResolver.cpp, line 759]
Event: 7.322 Thread 0x000001a1826c89f0 Exception <a 'java/lang/NoSuchMethodError'{0x000000070ecace58}: 'java.lang.Object java.lang.invoke.DirectMethodHandle$Holder.invokeSpecial(java.lang.Object, java.lang.Object, java.lang.Object, java.lang.Object, java.lang.Object, int, java.lang.Object)'> (0x000000070ecace58) 
thrown [s\src\hotspot\share\interpreter\linkResolver.cpp, line 759]
Event: 7.322 Thread 0x000001a1826c89f0 Exception <a 'java/lang/NoSuchMethodError'{0x000000070ecb11e0}: 'java.lang.Object java.lang.invoke.Invokers$Holder.linkToTargetMethod(java.lang.Object, java.lang.Object, java.lang.Object, int, java.lang.Object, java.lang.Object)'> (0x000000070ecb11e0) 
thrown [s\src\hotspot\share\interpreter\linkResolver.cpp, line 759]
Event: 7.382 Thread 0x000001a1826c89f0 Exception <a 'java/lang/NoSuchMethodError'{0x000000070e9126d8}: 'int java.lang.invoke.DirectMethodHandle$Holder.invokeStatic(java.lang.Object, java.lang.Object, int)'> (0x000000070e9126d8) 
thrown [s\src\hotspot\share\interpreter\linkResolver.cpp, line 759]
Event: 7.406 Thread 0x000001a1826c89f0 Exception <a 'java/lang/NoSuchMethodError'{0x000000070e648138}: 'java.lang.Object java.lang.invoke.DirectMethodHandle$Holder.invokeStatic(java.lang.Object, java.lang.Object, java.lang.Object, java.lang.Object, java.lang.Object, int)'> (0x000000070e648138) 
thrown [s\src\hotspot\share\interpreter\linkResolver.cpp, line 759]
Event: 7.442 Thread 0x000001a1826c89f0 Exception <a 'java/lang/NoSuchMethodError'{0x000000070e476270}: 'java.lang.Object java.lang.invoke.DirectMethodHandle$Holder.newInvokeSpecial(java.lang.Object, int, int, java.lang.Object)'> (0x000000070e476270) 
thrown [s\src\hotspot\share\interpreter\linkResolver.cpp, line 759]
Event: 7.442 Thread 0x000001a1826c89f0 Exception <a 'java/lang/NoSuchMethodError'{0x000000070e487768}: 'java.lang.Object java.lang.invoke.DirectMethodHandle$Holder.invokeStatic(java.lang.Object, java.lang.Object, int, int, java.lang.Object)'> (0x000000070e487768) 
thrown [s\src\hotspot\share\interpreter\linkResolver.cpp, line 759]
Event: 7.888 Thread 0x000001a1826c89f0 Implicit null exception at 0x000001a193b57c46 to 0x000001a193b5c1e0

VM Operations (20 events):
Event: 7.589 Executing VM operation: ICBufferFull done
Event: 7.715 Executing VM operation: ICBufferFull
Event: 7.715 Executing VM operation: ICBufferFull done
Event: 7.786 Executing VM operation: HandshakeAllThreads
Event: 7.786 Executing VM operation: HandshakeAllThreads done
Event: 7.789 Executing VM operation: HandshakeAllThreads
Event: 7.789 Executing VM operation: HandshakeAllThreads done
Event: 7.789 Executing VM operation: HandshakeAllThreads
Event: 7.789 Executing VM operation: HandshakeAllThreads done
Event: 7.857 Executing VM operation: HandshakeAllThreads
Event: 7.857 Executing VM operation: HandshakeAllThreads done
Event: 7.877 Executing VM operation: ICBufferFull
Event: 7.877 Executing VM operation: ICBufferFull done
Event: 7.899 Executing VM operation: HandshakeAllThreads
Event: 7.899 Executing VM operation: HandshakeAllThreads done
Event: 7.908 Executing VM operation: HandshakeAllThreads
Event: 7.908 Executing VM operation: HandshakeAllThreads done
Event: 7.996 Executing VM operation: G1CollectForAllocation
Event: 8.001 Executing VM operation: G1CollectForAllocation done
Event: 8.028 Executing VM operation: G1CollectForAllocation

Memory protections (0 events):
No events

Nmethod flushes (20 events):
Event: 7.882 Thread 0x000001a1e902e460 flushing  nmethod 0x000001a18e2c6c10
Event: 7.883 Thread 0x000001a1e902e460 flushing  nmethod 0x000001a18e32e310
Event: 7.883 Thread 0x000001a1e902e460 flushing  nmethod 0x000001a18e33aa90
Event: 7.883 Thread 0x000001a1e902e460 flushing  nmethod 0x000001a18e33b710
Event: 7.883 Thread 0x000001a1e902e460 flushing  nmethod 0x000001a18e34ed10
Event: 7.883 Thread 0x000001a1e902e460 flushing  nmethod 0x000001a18e351790
Event: 7.883 Thread 0x000001a1e902e460 flushing  nmethod 0x000001a18e362790
Event: 7.883 Thread 0x000001a1e902e460 flushing  nmethod 0x000001a18e372810
Event: 7.883 Thread 0x000001a1e902e460 flushing  nmethod 0x000001a18e37da10
Event: 7.883 Thread 0x000001a1e902e460 flushing  nmethod 0x000001a18e384390
Event: 7.883 Thread 0x000001a1e902e460 flushing  nmethod 0x000001a18e38b110
Event: 7.883 Thread 0x000001a1e902e460 flushing  nmethod 0x000001a18e38bf90
Event: 7.883 Thread 0x000001a1e902e460 flushing  nmethod 0x000001a18e398310
Event: 7.883 Thread 0x000001a1e902e460 flushing  nmethod 0x000001a18e39ca10
Event: 7.883 Thread 0x000001a1e902e460 flushing  nmethod 0x000001a18e3a1190
Event: 7.883 Thread 0x000001a1e902e460 flushing  nmethod 0x000001a18e3a3d10
Event: 7.883 Thread 0x000001a1e902e460 flushing  nmethod 0x000001a18e3a8190
Event: 7.883 Thread 0x000001a1e902e460 flushing  nmethod 0x000001a18e41c490
Event: 7.883 Thread 0x000001a1e902e460 flushing  nmethod 0x000001a18e45a390
Event: 7.883 Thread 0x000001a1e902e460 flushing  nmethod 0x000001a18e48db90

Events (20 events):
Event: 0.026 Thread 0x000001a1826c89f0 Thread added: 0x000001a1e90284a0
Event: 0.026 Thread 0x000001a1826c89f0 Thread added: 0x000001a1e9028d70
Event: 0.026 Thread 0x000001a1826c89f0 Thread added: 0x000001a1e9029640
Event: 0.026 Thread 0x000001a1826c89f0 Thread added: 0x000001a1e902a9e0
Event: 0.026 Thread 0x000001a1826c89f0 Thread added: 0x000001a1e902bb40
Event: 0.026 Thread 0x000001a1826c89f0 Thread added: 0x000001a1e902e460
Event: 0.029 Thread 0x000001a1e902bb40 Thread added: 0x000001a1e910ea70
Event: 0.037 Thread 0x000001a1e910ea70 Thread added: 0x000001a1e91f4ac0
Event: 0.037 Thread 0x000001a1826c89f0 Thread added: 0x000001a1e91f4fe0
Event: 0.038 Thread 0x000001a1826c89f0 Thread added: 0x000001a1e91f7920
Event: 0.055 Thread 0x000001a1e902a9e0 Thread added: 0x000001a1e921d550
Event: 0.230 Thread 0x000001a1e91f4ac0 Thread added: 0x000001a1e96125b0
Event: 0.806 Thread 0x000001a1e902a9e0 Thread added: 0x000001a1ee121830
Event: 0.872 Thread 0x000001a1e91f4ac0 Thread added: 0x000001a1ee307ca0
Event: 1.436 Thread 0x000001a1ee307ca0 Thread exited: 0x000001a1ee307ca0
Event: 1.436 Thread 0x000001a1ee121830 Thread exited: 0x000001a1ee121830
Event: 1.436 Thread 0x000001a1e921d550 Thread exited: 0x000001a1e921d550
Event: 1.449 Thread 0x000001a1e902bb40 Thread added: 0x000001a1ef9ad720
Event: 1.498 Thread 0x000001a1e96125b0 Thread added: 0x000001a1ef9b2be0
Event: 1.502 Thread 0x000001a1e91f4ac0 Thread added: 0x000001a1efad9030


Dynamic libraries:
0x00007ff62cf50000 - 0x00007ff62cf5e000 	D:\jdk17\bin\java.exe
0x00007ffbbf880000 - 0x00007ffbbfae6000 	C:\WINDOWS\SYSTEM32\ntdll.dll
0x00007ffbbde20000 - 0x00007ffbbdee9000 	C:\WINDOWS\System32\KERNEL32.DLL
0x00007ffbbcde0000 - 0x00007ffbbd1da000 	C:\WINDOWS\System32\KERNELBASE.dll
0x00007ffbbd3f0000 - 0x00007ffbbd53c000 	C:\WINDOWS\System32\ucrtbase.dll
0x00007ffbb6550000 - 0x00007ffbb6568000 	D:\jdk17\bin\jli.dll
0x00007ffbb4450000 - 0x00007ffbb446e000 	D:\jdk17\bin\VCRUNTIME140.dll
0x00007ffbbdef0000 - 0x00007ffbbe0b7000 	C:\WINDOWS\System32\USER32.dll
0x00007ffba5f20000 - 0x00007ffba61b2000 	C:\WINDOWS\WinSxS\amd64_microsoft.windows.common-controls_6595b64144ccf1df_6.0.26100.8521_none_3e08b75ce33403b3\COMCTL32.dll
0x00007ffbbcb10000 - 0x00007ffbbcb37000 	C:\WINDOWS\System32\win32u.dll
0x00007ffbbd6b0000 - 0x00007ffbbd759000 	C:\WINDOWS\System32\msvcrt.dll
0x00007ffbbe650000 - 0x00007ffbbe67b000 	C:\WINDOWS\System32\GDI32.dll
0x00007ffbbcc00000 - 0x00007ffbbcd2b000 	C:\WINDOWS\System32\gdi32full.dll
0x00007ffbbd540000 - 0x00007ffbbd5e3000 	C:\WINDOWS\System32\msvcp_win.dll
0x00007ffbbf740000 - 0x00007ffbbf772000 	C:\WINDOWS\System32\IMM32.DLL
0x00007ffbb6670000 - 0x00007ffbb667c000 	D:\jdk17\bin\vcruntime140_1.dll
0x00007ffb8a740000 - 0x00007ffb8a7c9000 	D:\jdk17\bin\msvcp140.dll
0x00007ffad05e0000 - 0x00007ffad125a000 	D:\jdk17\bin\server\jvm.dll
0x00007ffbbef90000 - 0x00007ffbbf046000 	C:\WINDOWS\System32\ADVAPI32.dll
0x00007ffbbd820000 - 0x00007ffbbd8ca000 	C:\WINDOWS\System32\sechost.dll
0x00007ffbbe530000 - 0x00007ffbbe648000 	C:\WINDOWS\System32\RPCRT4.dll
0x00007ffbbdbf0000 - 0x00007ffbbdc70000 	C:\WINDOWS\System32\WS2_32.dll
0x00007ffbb1ee0000 - 0x00007ffbb1eeb000 	C:\WINDOWS\SYSTEM32\VERSION.dll
0x00007ffbbc970000 - 0x00007ffbbc9ce000 	C:\WINDOWS\SYSTEM32\POWRPROF.dll
0x00007ffbb2180000 - 0x00007ffbb21b6000 	C:\WINDOWS\SYSTEM32\WINMM.dll
0x00007ffbbc950000 - 0x00007ffbbc964000 	C:\WINDOWS\SYSTEM32\UMPDC.dll
0x00007ffbbb880000 - 0x00007ffbbb89b000 	C:\WINDOWS\SYSTEM32\kernel.appcore.dll
0x00007ffbb6510000 - 0x00007ffbb651a000 	D:\jdk17\bin\jimage.dll
0x00007ffbac720000 - 0x00007ffbac962000 	C:\WINDOWS\SYSTEM32\DBGHELP.DLL
0x00007ffbbe1a0000 - 0x00007ffbbe523000 	C:\WINDOWS\System32\combase.dll
0x00007ffbbe0c0000 - 0x00007ffbbe199000 	C:\WINDOWS\System32\OLEAUT32.dll
0x00007ffb98ae0000 - 0x00007ffb98b1b000 	C:\WINDOWS\SYSTEM32\dbgcore.DLL
0x00007ffbbcd30000 - 0x00007ffbbcdd8000 	C:\WINDOWS\System32\bcryptPrimitives.dll
0x00007ffba69a0000 - 0x00007ffba69c6000 	D:\jdk17\bin\java.dll
0x00007ffb7d700000 - 0x00007ffb7d7d6000 	D:\jdk17\bin\jsvml.dll
0x00007ffbbe690000 - 0x00007ffbbee14000 	C:\WINDOWS\System32\SHELL32.dll
0x00007ffbba6c0000 - 0x00007ffbbaf40000 	C:\WINDOWS\SYSTEM32\windows.storage.dll
0x00007ffbbd8e0000 - 0x00007ffbbd9d6000 	C:\WINDOWS\System32\SHCORE.dll
0x00007ffbbd5f0000 - 0x00007ffbbd657000 	C:\WINDOWS\System32\shlwapi.dll
0x00007ffbbca30000 - 0x00007ffbbca59000 	C:\WINDOWS\SYSTEM32\profapi.dll
0x00007ffbb11e0000 - 0x00007ffbb11fb000 	D:\jdk17\bin\net.dll
0x00007ffbb5a60000 - 0x00007ffbb5b89000 	C:\WINDOWS\SYSTEM32\WINHTTP.dll
0x00007ffbbbe10000 - 0x00007ffbbbe7c000 	C:\WINDOWS\system32\mswsock.dll
0x00007ffba6750000 - 0x00007ffba6766000 	D:\jdk17\bin\nio.dll
0x00007ffbb1410000 - 0x00007ffbb1428000 	D:\jdk17\bin\zip.dll
0x00007ffbb4410000 - 0x00007ffbb4420000 	D:\jdk17\bin\verify.dll

dbghelp: loaded successfully - version: 4.0.5 - missing functions: none
symbol engine: initialized successfully - sym options: 0x614 - pdb path: .;D:\jdk17\bin;C:\WINDOWS\SYSTEM32;C:\WINDOWS\WinSxS\amd64_microsoft.windows.common-controls_6595b64144ccf1df_6.0.26100.8521_none_3e08b75ce33403b3;D:\jdk17\bin\server

VM Arguments:
java_command: org.jetbrains.kotlin.cli.jvm.K2JVMCompiler @D:\AndroidStudioProjects\ReceiptNormalization\app\build\20260609_11997260035983979296.compiler.options
java_class_path (initial): C:\Users\Gigabyte\.gradle\caches\modules-2\files-2.1\org.jetbrains.kotlin\kotlin-compiler-embeddable\2.0.21\79346ed53db48b18312a472602eb5c057070c54d\kotlin-compiler-embeddable-2.0.21.jar;C:\Users\Gigabyte\.gradle\caches\modules-2\files-2.1\org.jetbrains.kotlin\kotlin-stdlib\2.0.21\618b539767b4899b4660a83006e052b63f1db551\kotlin-stdlib-2.0.21.jar;C:\Users\Gigabyte\.gradle\caches\modules-2\files-2.1\org.jetbrains.kotlin\kotlin-script-runtime\2.0.21\c9b044380ad41f89aa89aa896c2d32a8c0b2129d\kotlin-script-runtime-2.0.21.jar;C:\Users\Gigabyte\.gradle\caches\modules-2\files-2.1\org.jetbrains.kotlin\kotlin-reflect\1.6.10\1cbe9c92c12a94eea200d23c2bbaedaf3daf5132\kotlin-reflect-1.6.10.jar;C:\Users\Gigabyte\.gradle\caches\modules-2\files-2.1\org.jetbrains.kotlin\kotlin-daemon-embeddable\2.0.21\c9e933b23287de9b5a17e2116b4657bb91aea72c\kotlin-daemon-embeddable-2.0.21.jar;C:\Users\Gigabyte\.gradle\caches\modules-2\files-2.1\org.jetbrains.intellij.deps\trove4j\1.0.20200330\3afb14d5f9ceb459d724e907a21145e8ff394f02\trove4j-1.0.20200330.jar;C:\Users\Gigabyte\.gradle\caches\modules-2\files-2.1\org.jetbrains.kotlinx\kotlinx-coroutines-core-jvm\1.6.4\2c997cd1c0ef33f3e751d3831929aeff1390cb30\kotlinx-coroutines-core-jvm-1.6.4.jar;C:\Users\Gigabyte\.gradle\caches\modules-2\files-2.1\org.jetbrains\annotations\13.0\919f0dfe192fb4e063e7dacadee7f8bb9a2672a9\annotations-13.0.jar
Launcher Type: SUN_STANDARD

[Global flags]
     intx CICompilerCount                          = 12                                        {product} {ergonomic}
     uint ConcGCThreads                            = 3                                         {product} {ergonomic}
     uint G1ConcRefinementThreads                  = 13                                        {product} {ergonomic}
   size_t G1HeapRegionSize                         = 2097152                                   {product} {ergonomic}
    uintx GCDrainStackTargetSize                   = 64                                        {product} {ergonomic}
   size_t InitialHeapSize                          = 264241152                                 {product} {ergonomic}
   size_t MarkStackSize                            = 4194304                                   {product} {ergonomic}
   size_t MaxHeapSize                              = 4219469824                                {product} {ergonomic}
   size_t MaxNewSize                               = 2531262464                                {product} {ergonomic}
   size_t MinHeapDeltaBytes                        = 2097152                                   {product} {ergonomic}
   size_t MinHeapSize                              = 8388608                                   {product} {ergonomic}
    uintx NonNMethodCodeHeapSize                   = 7602480                                {pd product} {ergonomic}
    uintx NonProfiledCodeHeapSize                  = 122027880                              {pd product} {ergonomic}
    uintx ProfiledCodeHeapSize                     = 122027880                              {pd product} {ergonomic}
    uintx ReservedCodeCacheSize                    = 251658240                              {pd product} {ergonomic}
     bool SegmentedCodeCache                       = true                                      {product} {ergonomic}
   size_t SoftMaxHeapSize                          = 4219469824                             {manageable} {ergonomic}
     bool UseCompressedClassPointers               = true                           {product lp64_product} {ergonomic}
     bool UseCompressedOops                        = true                           {product lp64_product} {ergonomic}
     bool UseG1GC                                  = true                                      {product} {ergonomic}
     bool UseLargePagesIndividualAllocation        = false                                  {pd product} {ergonomic}

Logging:
Log output configuration:
 #0: stdout all=warning uptime,level,tags
 #1: stderr all=off uptime,level,tags

Environment Variables:
PATH=D:\python 3.11.9\Scripts\;D:\python 3.11.9\;D:\Oracle\dbhomeXE\bin;D:\Applications\python\Scripts\;D:\Applications\python\;C:\Program Files\Common Files\Oracle\Java\javapath;C:\Windows\system32;C:\Windows;C:\Windows\System32\Wbem;C:\Windows\System32\WindowsPowerShell\v1.0\;C:\Windows\System32\OpenSSH\;C:\Program Files (x86)\NVIDIA Corporation\PhysX\Common;C:\Program Files\Microsoft SQL Server\150\Tools\Binn\;C:\Program Files (x86)\Microsoft SQL Server\160\DTS\Binn\;C:\Program Files (x86)\Microsoft SQL Server\160\Tools\Binn\;C:\Program Files\Microsoft SQL Server\160\Tools\Binn\;C:\Program Files\Microsoft SQL Server\Client SDK\ODBC\170\Tools\Binn\;C:\Program Files\Microsoft SQL Server\160\DTS\Binn\;C:\Program Files\Microsoft SQL Server Migration Assistant for Access\bin\;C:\WINDOWS\system32;C:\WINDOWS;C:\WINDOWS\System32\Wbem;C:\WINDOWS\System32\WindowsPowerShell\v1.0\;C:\WINDOWS\System32\OpenSSH\;C:\Program Files\NVIDIA Corporation\NVIDIA app\NvDLISR;D:\nodejs\;D:\Applications\Git\cmd;C:\Program Files\Microsoft SQL Server\170\Tools\Binn\;C:\Users\Gigabyte\AppData\Local\Microsoft\WindowsApps;C:\Program Files\Azure Data Studio\bin;D:\Applications\Microsoft VS Code\bin;C:\Users\Gigabyte\AppData\Roaming\npm;D:\Applications\Git\bin
USERNAME=Gigabyte
OS=Windows_NT
PROCESSOR_IDENTIFIER=Intel64 Family 6 Model 154 Stepping 3, GenuineIntel
TMP=C:\Users\Gigabyte\AppData\Local\Temp
TEMP=C:\Users\Gigabyte\AppData\Local\Temp



Periodic native trim disabled


---------------  S Y S T E M  ---------------

OS:
 Windows 11 , 64 bit Build 26100 (10.0.26100.8521)
OS uptime: 3 days 19:52 hours
Hyper-V role detected

CPU: total 16 (initial active 16) (8 cores per cpu, 2 threads per core) family 6 model 154 stepping 3 microcode 0x423, cx8, cmov, fxsr, ht, mmx, 3dnowpref, sse, sse2, sse3, ssse3, sse4.1, sse4.2, popcnt, lzcnt, tsc, tscinvbit, avx, avx2, aes, erms, clmul, bmi1, bmi2, adx, sha, fma, vzeroupper, clflush, clflushopt, clwb, hv
Processor Information for processor 0
  Max Mhz: 2500, Current Mhz: 1532, Mhz Limit: 2500
Processor Information for processor 1
  Max Mhz: 2500, Current Mhz: 1532, Mhz Limit: 2500
Processor Information for processor 2
  Max Mhz: 2500, Current Mhz: 1532, Mhz Limit: 2500
Processor Information for processor 3
  Max Mhz: 2500, Current Mhz: 2500, Mhz Limit: 2500
Processor Information for processor 4
  Max Mhz: 2500, Current Mhz: 2500, Mhz Limit: 2500
Processor Information for processor 5
  Max Mhz: 2500, Current Mhz: 1532, Mhz Limit: 2500
Processor Information for processor 6
  Max Mhz: 2500, Current Mhz: 2500, Mhz Limit: 2500
Processor Information for processor 7
  Max Mhz: 2500, Current Mhz: 2500, Mhz Limit: 2500
Processor Information for processor 8
  Max Mhz: 2500, Current Mhz: 1800, Mhz Limit: 1800
Processor Information for processor 9
  Max Mhz: 2500, Current Mhz: 1800, Mhz Limit: 1800
Processor Information for processor 10
  Max Mhz: 2500, Current Mhz: 1800, Mhz Limit: 1800
Processor Information for processor 11
  Max Mhz: 2500, Current Mhz: 1500, Mhz Limit: 1800
Processor Information for processor 12
  Max Mhz: 2500, Current Mhz: 1500, Mhz Limit: 1800
Processor Information for processor 13
  Max Mhz: 2500, Current Mhz: 1800, Mhz Limit: 1800
Processor Information for processor 14
  Max Mhz: 2500, Current Mhz: 1800, Mhz Limit: 1800
Processor Information for processor 15
  Max Mhz: 2500, Current Mhz: 1800, Mhz Limit: 1800

Memory: 4k page, system-wide physical 16088M (523M free)
TotalPageFile size 34434M (AvailPageFile size 22M)
current process WorkingSet (physical memory assigned to process): 514M, peak: 531M
current process commit charge ("private bytes"): 601M, peak: 715M

vm_info: OpenJDK 64-Bit Server VM (17.0.18+8-LTS) for windows-amd64 JRE (17.0.18+8-LTS), built on Jan 15 2026 18:50:45 by "MicrosoftCorporation" with MS VC++ 17.14 (VS2022)

END.
